GROUP,PACKAGE,CLASS,INSTRUCTION_MISSED,INSTRUCTION_COVERED,BRANCH_MISSED,BRANCH_COVERED,LINE_MISSED,LINE_COVERED,COMPLEXITY_MISSED,COMPLEXITY_COVERED,METHOD_MISSED,METHOD_COVERED
isw2-tests/bookkeeper-benchmark,org.apache.bookkeeper.benchmark,BenchThroughputLatency.new Watcher() {...},14,0,2,0,4,0,3,0,2,0
isw2-tests/bookkeeper-benchmark,org.apache.bookkeeper.benchmark,BenchThroughputLatency.new Watcher() {...},14,0,2,0,4,0,3,0,2,0
isw2-tests/bookkeeper-benchmark,org.apache.bookkeeper.benchmark,TestClient.new TimerTask() {...},22,0,0,0,4,0,2,0,2,0
isw2-tests/bookkeeper-benchmark,org.apache.bookkeeper.benchmark,BenchThroughputLatency.new TimerTask() {...},22,0,0,0,4,0,2,0,2,0
isw2-tests/bookkeeper-benchmark,org.apache.bookkeeper.benchmark,BenchThroughputLatency.new Watcher() {...},14,0,2,0,4,0,3,0,2,0
isw2-tests/bookkeeper-benchmark,org.apache.bookkeeper.benchmark,BenchThroughputLatency.new Thread() {...},27,0,0,0,7,0,2,0,2,0
isw2-tests/bookkeeper-benchmark,org.apache.bookkeeper.benchmark,BenchThroughputLatency.Context,9,0,0,0,4,0,1,0,1,0
isw2-tests/bookkeeper-benchmark,org.apache.bookkeeper.benchmark,BenchReadThroughputLatency.new Watcher() {...},167,0,20,0,37,0,12,0,2,0
isw2-tests/bookkeeper-benchmark,org.apache.bookkeeper.benchmark,BenchBookie.ThroughputCallback,47,0,6,0,13,0,6,0,3,0
isw2-tests/bookkeeper-benchmark,org.apache.bookkeeper.benchmark,TestClient.BKClient,148,0,10,0,37,0,8,0,3,0
isw2-tests/bookkeeper-benchmark,org.apache.bookkeeper.benchmark,BenchReadThroughputLatency.new Comparator() {...},36,0,4,0,9,0,4,0,2,0
isw2-tests/bookkeeper-benchmark,org.apache.bookkeeper.benchmark,BenchReadThroughputLatency.2.new Thread() {...},20,0,0,0,3,0,2,0,2,0
isw2-tests/bookkeeper-benchmark,org.apache.bookkeeper.benchmark,TestClient.FileClient,94,0,2,0,25,0,3,0,2,0
isw2-tests/bookkeeper-benchmark,org.apache.bookkeeper.benchmark,TestClient,481,0,26,0,97,0,16,0,3,0
isw2-tests/bookkeeper-benchmark,org.apache.bookkeeper.benchmark,BenchBookie,461,0,16,0,100,0,12,0,4,0
isw2-tests/bookkeeper-benchmark,org.apache.bookkeeper.benchmark,BenchBookie.LatencyCallback,32,0,4,0,11,0,6,0,4,0
isw2-tests/bookkeeper-benchmark,org.apache.bookkeeper.benchmark,BenchReadThroughputLatency,388,0,28,0,104,0,19,0,5,0
isw2-tests/bookkeeper-benchmark,org.apache.bookkeeper.benchmark,BenchThroughputLatency,1102,0,52,0,222,0,38,0,12,0
isw2-tests/bookkeeper-common,org.apache.bookkeeper.common.component,Lifecycle.State,44,0,0,0,5,0,1,0,1,0
isw2-tests/bookkeeper-common,org.apache.bookkeeper.common.component,LifecycleComponent,1,0,0,0,1,0,1,0,1,0
isw2-tests/bookkeeper-common,org.apache.bookkeeper.common.component,ComponentInfoPublisher.EndpointInfo,86,0,4,0,15,0,10,0,8,0
isw2-tests/bookkeeper-common,org.apache.bookkeeper.common.component,AbstractLifecycleComponent,145,0,10,0,48,0,15,0,10,0
isw2-tests/bookkeeper-common,org.apache.bookkeeper.common.component,LifecycleComponentStack,134,0,4,0,35,0,24,0,22,0
isw2-tests/bookkeeper-common,org.apache.bookkeeper.common.component,RxSchedulerLifecycleComponent,30,0,0,0,12,0,4,0,4,0
isw2-tests/bookkeeper-common,org.apache.bookkeeper.common.component,AutoCloseableLifecycleComponent,118,0,8,0,39,0,14,0,10,0
isw2-tests/bookkeeper-common,org.apache.bookkeeper.common.component,ComponentStarter,69,0,0,0,15,0,4,0,4,0
isw2-tests/bookkeeper-common,org.apache.bookkeeper.common.component,ComponentInfoPublisher,127,0,12,0,26,0,13,0,7,0
isw2-tests/bookkeeper-common,org.apache.bookkeeper.common.component,LifecycleComponentStack.Builder,72,0,4,0,15,0,7,0,5,0
isw2-tests/bookkeeper-common,org.apache.bookkeeper.common.component,AbstractComponent,15,0,0,0,6,0,3,0,3,0
isw2-tests/bookkeeper-common,org.apache.bookkeeper.common.component,ComponentStarter.ComponentShutdownHook,43,0,0,0,14,0,2,0,2,0
isw2-tests/bookkeeper-common,org.apache.bookkeeper.common.component,Lifecycle,219,0,52,0,57,0,40,0,14,0
isw2-tests/bookkeeper-common,org.apache.bookkeeper.common.net,ServiceURI,449,0,60,0,56,0,45,0,15,0
isw2-tests/bookkeeper-common,org.apache.bookkeeper.common.collections,BlockingMpscQueue,135,0,20,0,40,0,19,0,9,0
isw2-tests/bookkeeper-common,org.apache.bookkeeper.common.collections,BlockingMpscQueue.new MessagePassingQueue.WaitStrategy() {...},8,0,0,0,3,0,2,0,2,0
isw2-tests/bookkeeper-common,org.apache.bookkeeper.common.collections,GrowableArrayBlockingQueue,610,0,40,0,139,0,41,0,21,0
isw2-tests/bookkeeper-common,org.apache.bookkeeper.common.collections,BusyWait,38,0,4,0,15,0,5,0,3,0
isw2-tests/bookkeeper-common,org.apache.bookkeeper.common.collections,RecyclableArrayList.Recycler,14,0,0,0,3,0,3,0,3,0
isw2-tests/bookkeeper-common,org.apache.bookkeeper.common.collections,BlockingMpscQueue.DrainStrategy,18,0,2,0,5,0,4,0,3,0
isw2-tests/bookkeeper-common,org.apache.bookkeeper.common.collections,RecyclableArrayList,30,0,2,0,12,0,6,0,5,0
isw2-tests/bookkeeper-common,org.apache.bookkeeper.common.collections,GrowableArrayBlockingQueue.PaddedInt,46,0,0,0,4,0,2,0,2,0
isw2-tests/bookkeeper-common,org.apache.bookkeeper.common.util,ReflectionUtils,173,0,14,0,40,0,14,0,7,0
isw2-tests/bookkeeper-common,org.apache.bookkeeper.common.util,BoundedScheduledExecutorService,151,0,4,0,34,0,17,0,15,0
isw2-tests/bookkeeper-common,org.apache.bookkeeper.common.util,Backoff.Jitter.Type,34,0,0,0,4,0,1,0,1,0
isw2-tests/bookkeeper-common,org.apache.bookkeeper.common.util,JsonUtil.ParseJsonException,9,0,0,0,4,0,2,0,2,0
isw2-tests/bookkeeper-common,org.apache.bookkeeper.common.util,Backoff.Jitter,233,0,25,0,16,0,25,0,12,0
isw2-tests/bookkeeper-common,org.apache.bookkeeper.common.util,SharedResourceManager.Instance,33,0,2,0,11,0,5,0,4,0
isw2-tests/bookkeeper-common,org.apache.bookkeeper.common.util,StreamUtil,68,0,6,0,14,0,5,0,2,0
isw2-tests/bookkeeper-common,org.apache.bookkeeper.common.util,OrderedExecutor.ContextPreservingCallable,19,0,0,0,7,0,2,0,2,0
isw2-tests/bookkeeper-common,org.apache.bookkeeper.common.util,OrderedExecutor.new Gauge() {...},17,0,0,0,3,0,3,0,3,0
isw2-tests/bookkeeper-common,org.apache.bookkeeper.common.util,OrderedExecutor.new Gauge() {...},17,0,0,0,3,0,3,0,3,0
isw2-tests/bookkeeper-common,org.apache.bookkeeper.common.util,OrderedExecutor.new Gauge() {...},17,0,0,0,3,0,3,0,3,0
isw2-tests/bookkeeper-common,org.apache.bookkeeper.common.util,OrderedExecutor.new Gauge() {...},17,0,0,0,3,0,3,0,3,0
isw2-tests/bookkeeper-common,org.apache.bookkeeper.common.util,OrderedExecutor.new ForwardingExecutorService() {...},73,0,0,0,11,0,10,0,10,0
isw2-tests/bookkeeper-common,org.apache.bookkeeper.common.util,OrderedExecutor.new Gauge() {...},18,0,0,0,3,0,3,0,3,0
isw2-tests/bookkeeper-common,org.apache.bookkeeper.common.util,OrderedExecutor.TimedRunnable,62,0,2,0,13,0,3,0,2,0
isw2-tests/bookkeeper-common,org.apache.bookkeeper.common.util,OrderedExecutor.ContextPreservingRunnable,17,0,0,0,8,0,2,0,2,0
isw2-tests/bookkeeper-common,org.apache.bookkeeper.common.util,Backoff.Policy,5,0,0,0,1,0,2,0,2,0
isw2-tests/bookkeeper-common,org.apache.bookkeeper.common.util,Backoff.Exponential,193,0,16,0,10,0,20,0,12,0
isw2-tests/bookkeeper-common,org.apache.bookkeeper.common.util,Backoff.Constant,132,0,12,0,8,0,16,0,10,0
isw2-tests/bookkeeper-common,org.apache.bookkeeper.common.util,OrderedScheduler.SchedulerBuilder,37,0,2,0,4,0,3,0,2,0
isw2-tests/bookkeeper-common,org.apache.bookkeeper.common.util,ExecutorUtils,16,0,0,0,7,0,2,0,2,0
isw2-tests/bookkeeper-common,org.apache.bookkeeper.common.util,OrderedExecutor.AbstractBuilder,121,0,2,0,34,0,13,0,12,0
isw2-tests/bookkeeper-common,org.apache.bookkeeper.common.util,OrderedExecutor,758,0,60,0,135,0,65,0,35,0
isw2-tests/bookkeeper-common,org.apache.bookkeeper.common.util,Backoff,199,0,4,0,35,0,14,0,12,0
isw2-tests/bookkeeper-common,org.apache.bookkeeper.common.util,OrderedExecutor.Builder,37,0,2,0,4,0,3,0,2,0
isw2-tests/bookkeeper-common,org.apache.bookkeeper.common.util,OrderedExecutor.TimedCallable,64,0,2,0,12,0,3,0,2,0
isw2-tests/bookkeeper-common,org.apache.bookkeeper.common.util,MdcUtils,13,0,4,0,5,0,4,0,2,0
isw2-tests/bookkeeper-common,org.apache.bookkeeper.common.util,BoundedExecutorService,108,0,4,0,26,0,13,0,11,0
isw2-tests/bookkeeper-common,org.apache.bookkeeper.common.util,OrderedScheduler.OrderedSchedulerDecoratedThread,115,0,0,0,17,0,14,0,14,0
isw2-tests/bookkeeper-common,org.apache.bookkeeper.common.util,MathUtils,44,0,2,0,10,0,8,0,7,0
isw2-tests/bookkeeper-common,org.apache.bookkeeper.common.util,MemoryLimitController,102,0,14,0,26,0,12,0,5,0
isw2-tests/bookkeeper-common,org.apache.bookkeeper.common.util,Watchable,70,0,2,0,21,0,8,0,7,0
isw2-tests/bookkeeper-common,org.apache.bookkeeper.common.util,JsonUtil,32,0,0,0,8,0,4,0,4,0
isw2-tests/bookkeeper-common,org.apache.bookkeeper.common.util,LogExceptionRunnable,49,0,0,0,12,0,4,0,4,0
isw2-tests/bookkeeper-common,org.apache.bookkeeper.common.util,SafeRunnable.new SafeRunnable() {...},10,0,0,0,3,0,2,0,2,0
isw2-tests/bookkeeper-common,org.apache.bookkeeper.common.util,OrderedScheduler,138,0,0,0,20,0,19,0,19,0
isw2-tests/bookkeeper-common,org.apache.bookkeeper.common.util,SharedResourceManager,162,0,18,0,36,0,18,0,9,0
isw2-tests/bookkeeper-common,org.apache.bookkeeper.common.util,Retries,119,0,10,0,26,0,13,0,8,0
isw2-tests/bookkeeper-common,org.apache.bookkeeper.common.util,StreamUtil.new Iterator() {...},34,0,4,0,3,0,5,0,3,0
isw2-tests/bookkeeper-common,org.apache.bookkeeper.common.util,SafeRunnable,32,0,0,0,14,0,5,0,5,0
isw2-tests/bookkeeper-common,org.apache.bookkeeper.common.stats,BroadCastStatsLogger.MasterSlave,30,0,0,0,7,0,4,0,4,0
isw2-tests/bookkeeper-common,org.apache.bookkeeper.common.stats,BroadCastStatsLogger.Two.new OpStatsLogger() {...},63,0,0,0,17,0,7,0,7,0
isw2-tests/bookkeeper-common,org.apache.bookkeeper.common.stats,BroadCastStatsLogger.Two.new Counter() {...},46,0,0,0,14,0,6,0,6,0
isw2-tests/bookkeeper-common,org.apache.bookkeeper.common.stats,BroadCastStatsLogger,23,0,0,0,3,0,3,0,3,0
isw2-tests/bookkeeper-common,org.apache.bookkeeper.common.stats,OpStatsListener,39,0,2,0,12,0,5,0,4,0
isw2-tests/bookkeeper-common,org.apache.bookkeeper.common.stats,BroadCastStatsLogger.Two,95,0,2,0,23,0,10,0,9,0
isw2-tests/bookkeeper-common,org.apache.bookkeeper.common.concurrent,FutureUtils,286,0,26,0,86,0,41,0,28,0
isw2-tests/bookkeeper-common,org.apache.bookkeeper.common.concurrent,FutureEventListener,23,0,6,0,7,0,4,0,1,0
isw2-tests/bookkeeper-common,org.apache.bookkeeper.common.concurrent,FutureUtils.ListFutureProcessor,103,0,8,0,27,0,9,0,5,0
isw2-tests/bookkeeper-common,org.apache.bookkeeper.common.concurrent,FutureUtils.new FutureEventListener() {...},30,0,2,0,7,0,4,0,3,0
isw2-tests/bookkeeper-common,org.apache.bookkeeper.common.conf.validators,NullValidator,9,0,0,0,3,0,3,0,3,0
isw2-tests/bookkeeper-common,org.apache.bookkeeper.common.conf.validators,ClassValidator,177,0,20,0,21,0,20,0,10,0
isw2-tests/bookkeeper-common,org.apache.bookkeeper.common.conf.validators,RangeValidator,211,0,36,0,18,0,30,0,12,0
isw2-tests/bookkeeper-common,org.apache.bookkeeper.common.conf,ConfigKey.ConfigKeyBuilder,334,0,28,0,1,0,32,0,18,0
isw2-tests/bookkeeper-common,org.apache.bookkeeper.common.conf,ConfigKeyGroup.ConfigKeyGroupBuilder,92,0,6,0,1,0,10,0,7,0
isw2-tests/bookkeeper-common,org.apache.bookkeeper.common.conf,ConfigDef.Builder,83,0,2,0,19,0,7,0,6,0
isw2-tests/bookkeeper-common,org.apache.bookkeeper.common.conf,ConfigKey,821,0,52,0,89,0,94,0,65,0
isw2-tests/bookkeeper-common,org.apache.bookkeeper.common.conf,Validator,2,0,0,0,1,0,1,0,1,0
isw2-tests/bookkeeper-common,org.apache.bookkeeper.common.conf,ConfigException,9,0,0,0,4,0,2,0,2,0
isw2-tests/bookkeeper-common,org.apache.bookkeeper.common.conf,ConcurrentConfiguration,43,0,0,0,12,0,7,0,7,0
isw2-tests/bookkeeper-common,org.apache.bookkeeper.common.conf,Type,134,0,4,0,13,0,13,0,11,0
isw2-tests/bookkeeper-common,org.apache.bookkeeper.common.conf,ComponentConfiguration,398,0,6,0,75,0,53,0,50,0
isw2-tests/bookkeeper-common,org.apache.bookkeeper.common.conf,ConfigDef,519,0,40,0,120,0,42,0,22,0
isw2-tests/bookkeeper-common,org.apache.bookkeeper.common.conf,ConfigKeyGroup,130,0,4,0,18,0,21,0,19,0
isw2-tests/bookkeeper-common,org.apache.bookkeeper.util,MathUtils,3,0,0,0,1,0,1,0,1,0
isw2-tests/bookkeeper-common-allocator,org.apache.bookkeeper.common.allocator.impl,ByteBufAllocatorBuilderImpl,80,0,0,0,23,0,9,0,9,0
isw2-tests/bookkeeper-common-allocator,org.apache.bookkeeper.common.allocator.impl,ByteBufAllocatorImpl,220,0,33,0,64,0,29,0,11,0
isw2-tests/bookkeeper-common-allocator,org.apache.bookkeeper.common.allocator,OutOfMemoryPolicy,24,0,0,0,3,0,1,0,1,0
isw2-tests/bookkeeper-common-allocator,org.apache.bookkeeper.common.allocator,PoolingPolicy,24,0,0,0,3,0,1,0,1,0
isw2-tests/bookkeeper-common-allocator,org.apache.bookkeeper.common.allocator,LeakDetectionPolicy,44,0,0,0,5,0,1,0,1,0
isw2-tests/bookkeeper-common-allocator,org.apache.bookkeeper.common.allocator,ByteBufAllocatorBuilder,4,0,0,0,1,0,1,0,1,0
isw2-tests/http-server,org.apache.bookkeeper.http.service,ErrorHttpService,22,0,0,0,6,0,3,0,3,0
isw2-tests/http-server,org.apache.bookkeeper.http.service,HttpServiceResponse,35,0,0,0,12,0,6,0,6,0
isw2-tests/http-server,org.apache.bookkeeper.http.service,NullHttpService,19,0,2,0,4,0,3,0,2,0
isw2-tests/http-server,org.apache.bookkeeper.http.service,HeartbeatService,9,0,0,0,2,0,2,0,2,0
isw2-tests/http-server,org.apache.bookkeeper.http.service,HttpServiceRequest,55,0,0,0,17,0,8,0,8,0
isw2-tests/http-server,org.apache.bookkeeper.http,HttpServer.StatusCode,92,0,0,0,12,0,3,0,3,0
isw2-tests/http-server,org.apache.bookkeeper.http,HttpServerLoader,98,0,2,0,22,0,5,0,4,0
isw2-tests/http-server,org.apache.bookkeeper.http,HttpServerConfiguration,56,0,0,0,24,0,12,0,12,0
isw2-tests/http-server,org.apache.bookkeeper.http,HttpServer.Method,44,0,0,0,5,0,1,0,1,0
isw2-tests/http-server,org.apache.bookkeeper.http,AbstractHttpHandlerFactory,9,0,0,0,4,0,2,0,2,0
isw2-tests/http-server,org.apache.bookkeeper.http,HttpServer.ApiType,254,0,0,0,26,0,1,0,1,0
isw2-tests/http-server,org.apache.bookkeeper.http,NullHttpServiceProvider,24,0,2,0,8,0,6,0,5,0
isw2-tests/http-server,org.apache.bookkeeper.http,HttpRouter,229,0,2,0,36,0,3,0,2,0
isw2-tests/servlet-http-server,org.apache.bookkeeper.http.servlet,BookieHttpServiceServlet,157,0,13,0,46,0,13,0,5,0
isw2-tests/servlet-http-server,org.apache.bookkeeper.http.servlet,BookieHttpServiceServlet.new HttpRouter() {...},15,0,0,0,3,0,2,0,2,0
isw2-tests/servlet-http-server,org.apache.bookkeeper.http.servlet,BookieServletHttpServer,51,0,0,0,24,0,14,0,14,0
isw2-tests/servlet-http-server,org.apache.bookkeeper.http.servlet,BookieHttpServiceServlet.new AbstractHttpHandlerFactory() {...},9,0,0,0,2,0,2,0,2,0
isw2-tests/vertx-http-server,org.apache.bookkeeper.http.vertx,VertxHttpHandlerFactory.new VertxAbstractHandler() {...},21,0,0,0,4,0,2,0,2,0
isw2-tests/vertx-http-server,org.apache.bookkeeper.http.vertx,VertxHttpServer.new HttpRouter() {...},39,0,0,0,6,0,2,0,2,0
isw2-tests/vertx-http-server,org.apache.bookkeeper.http.vertx,VertxAbstractHandler,87,0,6,0,27,0,8,0,4,0
isw2-tests/vertx-http-server,org.apache.bookkeeper.http.vertx,VertxHttpServer.new AbstractVerticle() {...},103,0,2,0,16,0,3,0,2,0
isw2-tests/vertx-http-server,org.apache.bookkeeper.http.vertx,VertxHttpServer,163,0,2,0,48,0,11,0,10,0
isw2-tests/vertx-http-server,org.apache.bookkeeper.http.vertx,VertxHttpHandlerFactory,10,0,0,0,3,0,2,0,2,0
isw2-tests/bookkeeper-proto,org.apache.bookkeeper.proto,BookkeeperProtocol.ReadLacRequest.new AbstractParser() {...},10,0,0,0,2,0,2,0,2,0
isw2-tests/bookkeeper-proto,org.apache.bookkeeper.proto,BookkeeperProtocol.AuthMessage.Builder,393,0,38,0,116,0,51,0,32,0
isw2-tests/bookkeeper-proto,org.apache.bookkeeper.proto,DataFormats.LedgerMetadataFormat.Builder,1863,0,208,0,486,0,206,0,102,0
isw2-tests/bookkeeper-proto,org.apache.bookkeeper.proto,BookkeeperProtocol.BKPacketHeader.Builder,484,0,48,0,132,0,62,0,38,0
isw2-tests/bookkeeper-proto,org.apache.bookkeeper.proto,DataFormats.CheckAllLedgersFormat.new AbstractParser() {...},10,0,0,0,2,0,2,0,2,0
isw2-tests/bookkeeper-proto,org.apache.bookkeeper.proto,BookkeeperProtocol.AddRequest.Builder,631,0,62,0,170,0,77,0,46,0
isw2-tests/bookkeeper-proto,org.apache.bookkeeper.proto,DataFormats.PlacementPolicyCheckFormat.new AbstractParser() {...},10,0,0,0,2,0,2,0,2,0
isw2-tests/bookkeeper-proto,org.apache.bookkeeper.proto,BookkeeperProtocol.ReadLacResponse.new AbstractParser() {...},10,0,0,0,2,0,2,0,2,0
isw2-tests/bookkeeper-proto,org.apache.bookkeeper.proto,BookkeeperProtocol.Request.new AbstractParser() {...},10,0,0,0,2,0,2,0,2,0
isw2-tests/bookkeeper-proto,org.apache.bookkeeper.proto,BookkeeperProtocol.BKPacketHeader,677,0,98,0,178,0,93,0,42,0
isw2-tests/bookkeeper-proto,org.apache.bookkeeper.proto,BookkeeperProtocol.GetBookieInfoRequest.Builder,225,0,16,0,67,0,34,0,26,0
isw2-tests/bookkeeper-proto,org.apache.bookkeeper.proto,BookkeeperProtocol.WriteLacResponse,490,0,62,0,136,0,70,0,38,0
isw2-tests/bookkeeper-proto,org.apache.bookkeeper.proto,BookkeeperProtocol.ForceLedgerRequest.new AbstractParser() {...},10,0,0,0,2,0,2,0,2,0
isw2-tests/bookkeeper-proto,org.apache.bookkeeper.proto,BookkeeperProtocol.GetBookieInfoRequest.Flags.new Internal.EnumLiteMap() {...},6,0,0,0,2,0,2,0,2,0
isw2-tests/bookkeeper-proto,org.apache.bookkeeper.proto,DataFormats.CheckAllLedgersFormat,373,0,39,0,108,0,56,0,36,0
isw2-tests/bookkeeper-proto,org.apache.bookkeeper.proto,BookkeeperProtocol.WriteLacResponse.new AbstractParser() {...},10,0,0,0,2,0,2,0,2,0
isw2-tests/bookkeeper-proto,org.apache.bookkeeper.proto,BookkeeperProtocol.GetBookieInfoRequest,373,0,39,0,108,0,56,0,36,0
isw2-tests/bookkeeper-proto,org.apache.bookkeeper.proto,DataFormats.UnderreplicatedLedgerFormat,496,0,52,0,133,0,67,0,40,0
isw2-tests/bookkeeper-proto,org.apache.bookkeeper.proto,BookkeeperProtocol.StartTLSRequest.Builder,148,0,10,0,47,0,27,0,22,0
isw2-tests/bookkeeper-proto,org.apache.bookkeeper.proto,BookkeeperProtocol.GetBookieInfoResponse.new AbstractParser() {...},10,0,0,0,2,0,2,0,2,0
isw2-tests/bookkeeper-proto,org.apache.bookkeeper.proto,BookkeeperProtocol.Request.Builder,3135,0,464,0,800,0,364,0,132,0
isw2-tests/bookkeeper-proto,org.apache.bookkeeper.proto,BookkeeperProtocol.ReadRequest,813,0,122,0,208,0,110,0,46,0
isw2-tests/bookkeeper-proto,org.apache.bookkeeper.proto,BookkeeperProtocol.ReadLacResponse.Builder,485,0,46,0,132,0,61,0,38,0
isw2-tests/bookkeeper-proto,org.apache.bookkeeper.proto,DataFormats.LedgerMetadataFormat.cMetadataMapEntry.Builder,383,0,34,0,112,0,49,0,32,0
isw2-tests/bookkeeper-proto,org.apache.bookkeeper.proto,DataFormats.UnderreplicatedLedgerFormat.new AbstractParser() {...},10,0,0,0,2,0,2,0,2,0
isw2-tests/bookkeeper-proto,org.apache.bookkeeper.proto,BookkeeperProtocol.AddRequest,830,0,126,0,213,0,112,0,46,0
isw2-tests/bookkeeper-proto,org.apache.bookkeeper.proto,DataFormats.CookieFormat.Builder,752,0,80,0,224,0,86,0,46,0
isw2-tests/bookkeeper-proto,org.apache.bookkeeper.proto,BookkeeperProtocol.ReadLacRequest.Builder,230,0,18,0,69,0,35,0,26,0
isw2-tests/bookkeeper-proto,org.apache.bookkeeper.proto,DataFormats.BookieServiceInfoFormat.Builder,835,0,98,0,224,0,106,0,57,0
isw2-tests/bookkeeper-proto,org.apache.bookkeeper.proto,BookkeeperProtocol.ReadResponse.new AbstractParser() {...},10,0,0,0,2,0,2,0,2,0
isw2-tests/bookkeeper-proto,org.apache.bookkeeper.proto,BookkeeperProtocol.GetListOfEntriesOfLedgerResponse.new AbstractParser() {...},10,0,0,0,2,0,2,0,2,0
isw2-tests/bookkeeper-proto,org.apache.bookkeeper.proto,DataFormats.LedgerMetadataFormat.DigestType.new Internal.EnumLiteMap() {...},6,0,0,0,2,0,2,0,2,0
isw2-tests/bookkeeper-proto,org.apache.bookkeeper.proto,BookkeeperProtocol.Response,1695,0,311,0,393,0,227,0,66,0
isw2-tests/bookkeeper-proto,org.apache.bookkeeper.proto,DataFormats.BookieServiceInfoFormat.PropertiesDefaultEntryHolder,8,0,0,0,3,0,1,0,1,0
isw2-tests/bookkeeper-proto,org.apache.bookkeeper.proto,DataFormats.LedgerMetadataFormat.State,98,0,6,0,23,0,14,0,10,0
isw2-tests/bookkeeper-proto,org.apache.bookkeeper.proto,BookkeeperProtocol.GetBookieInfoRequest.Flags,85,0,5,0,21,0,13,0,10,0
isw2-tests/bookkeeper-proto,org.apache.bookkeeper.proto,DataFormats.PlacementPolicyCheckFormat.Builder,225,0,16,0,67,0,34,0,26,0
isw2-tests/bookkeeper-proto,org.apache.bookkeeper.proto,BookkeeperProtocol.ReadRequest.new AbstractParser() {...},10,0,0,0,2,0,2,0,2,0
isw2-tests/bookkeeper-proto,org.apache.bookkeeper.proto,DataFormats.BookieServiceInfoFormat,614,0,64,0,163,0,80,0,47,0
isw2-tests/bookkeeper-proto,org.apache.bookkeeper.proto,DataFormats.ReplicasCheckFormat.Builder,225,0,16,0,67,0,34,0,26,0
isw2-tests/bookkeeper-proto,org.apache.bookkeeper.proto,DataFormats,357,0,0,0,40,0,4,0,4,0
isw2-tests/bookkeeper-proto,org.apache.bookkeeper.proto,DataFormats.BookieServiceInfoFormat.Endpoint.new AbstractParser() {...},10,0,0,0,2,0,2,0,2,0
isw2-tests/bookkeeper-proto,org.apache.bookkeeper.proto,DataFormats.AuditorVoteFormat.new AbstractParser() {...},10,0,0,0,2,0,2,0,2,0
isw2-tests/bookkeeper-proto,org.apache.bookkeeper.proto,DataFormats.BookieServiceInfoFormat.Endpoint,1018,0,136,0,265,0,124,0,53,0
isw2-tests/bookkeeper-proto,org.apache.bookkeeper.proto,BookkeeperProtocol.StatusCode,202,0,14,0,39,0,22,0,10,0
isw2-tests/bookkeeper-proto,org.apache.bookkeeper.proto,BookkeeperProtocol.AddResponse.new AbstractParser() {...},10,0,0,0,2,0,2,0,2,0
isw2-tests/bookkeeper-proto,org.apache.bookkeeper.proto,BookkeeperProtocol.ForceLedgerResponse.Builder,323,0,30,0,92,0,45,0,30,0
isw2-tests/bookkeeper-proto,org.apache.bookkeeper.proto,DataFormats.LedgerMetadataFormat.cMetadataMapEntry.new AbstractParser() {...},10,0,0,0,2,0,2,0,2,0
isw2-tests/bookkeeper-proto,org.apache.bookkeeper.proto,BookkeeperProtocol.ReadLacResponse,656,0,92,0,172,0,90,0,42,0
isw2-tests/bookkeeper-proto,org.apache.bookkeeper.proto,BookkeeperProtocol.Response.new AbstractParser() {...},10,0,0,0,2,0,2,0,2,0
isw2-tests/bookkeeper-proto,org.apache.bookkeeper.proto,DataFormats.LedgerMetadataFormat.Segment,504,0,54,0,136,0,68,0,40,0
isw2-tests/bookkeeper-proto,org.apache.bookkeeper.proto,BookkeeperProtocol.GetListOfEntriesOfLedgerRequest.new AbstractParser() {...},10,0,0,0,2,0,2,0,2,0
isw2-tests/bookkeeper-proto,org.apache.bookkeeper.proto,DataFormats.AuditorVoteFormat,416,0,45,0,122,0,60,0,37,0
isw2-tests/bookkeeper-proto,org.apache.bookkeeper.proto,DataFormats.LedgerMetadataFormat.Segment.Builder,407,0,32,0,117,0,52,0,36,0
isw2-tests/bookkeeper-proto,org.apache.bookkeeper.proto,BookkeeperProtocol.WriteLacRequest.new AbstractParser() {...},10,0,0,0,2,0,2,0,2,0
isw2-tests/bookkeeper-proto,org.apache.bookkeeper.proto,BookkeeperProtocol.GetListOfEntriesOfLedgerResponse,573,0,77,0,154,0,80,0,40,0
isw2-tests/bookkeeper-proto,org.apache.bookkeeper.proto,BookkeeperProtocol.ReadLacRequest,381,0,41,0,111,0,57,0,36,0
isw2-tests/bookkeeper-proto,org.apache.bookkeeper.proto,BookkeeperProtocol.StatusCode.new Internal.EnumLiteMap() {...},6,0,0,0,2,0,2,0,2,0
isw2-tests/bookkeeper-proto,org.apache.bookkeeper.proto,BookkeeperProtocol.Response.Builder,2753,0,418,0,701,0,325,0,116,0
isw2-tests/bookkeeper-proto,org.apache.bookkeeper.proto,BookkeeperProtocol.OperationType.new Internal.EnumLiteMap() {...},6,0,0,0,2,0,2,0,2,0
isw2-tests/bookkeeper-proto,org.apache.bookkeeper.proto,BookkeeperProtocol.ForceLedgerResponse.new AbstractParser() {...},10,0,0,0,2,0,2,0,2,0
isw2-tests/bookkeeper-proto,org.apache.bookkeeper.proto,DataFormats.LedgerMetadataFormat.State.new Internal.EnumLiteMap() {...},6,0,0,0,2,0,2,0,2,0
isw2-tests/bookkeeper-proto,org.apache.bookkeeper.proto,BookkeeperProtocol.AddResponse.Builder,396,0,38,0,111,0,53,0,34,0
isw2-tests/bookkeeper-proto,org.apache.bookkeeper.proto,DataFormats.LedgerMetadataFormat,1416,0,220,0,339,0,180,0,64,0
isw2-tests/bookkeeper-proto,org.apache.bookkeeper.proto,BookkeeperProtocol.StartTLSRequest.new AbstractParser() {...},10,0,0,0,2,0,2,0,2,0
isw2-tests/bookkeeper-proto,org.apache.bookkeeper.proto,BookkeeperProtocol.WriteLacRequest.Builder,475,0,46,0,132,0,61,0,38,0
isw2-tests/bookkeeper-proto,org.apache.bookkeeper.proto,DataFormats.LedgerMetadataFormat.cMetadataMapEntry,499,0,60,0,140,0,70,0,39,0
isw2-tests/bookkeeper-proto,org.apache.bookkeeper.proto,DataFormats.CheckAllLedgersFormat.Builder,225,0,16,0,67,0,34,0,26,0
isw2-tests/bookkeeper-proto,org.apache.bookkeeper.proto,DataFormats.LockDataFormat,416,0,45,0,122,0,60,0,37,0
isw2-tests/bookkeeper-proto,org.apache.bookkeeper.proto,BookkeeperProtocol.OperationType,202,0,14,0,39,0,22,0,10,0
isw2-tests/bookkeeper-proto,org.apache.bookkeeper.proto,BookkeeperProtocol.GetListOfEntriesOfLedgerResponse.Builder,404,0,38,0,112,0,53,0,34,0
isw2-tests/bookkeeper-proto,org.apache.bookkeeper.proto,DataFormats.AuditorVoteFormat.Builder,302,0,26,0,92,0,41,0,28,0
isw2-tests/bookkeeper-proto,org.apache.bookkeeper.proto,DataFormats.BookieServiceInfoFormat.new AbstractParser() {...},10,0,0,0,2,0,2,0,2,0
isw2-tests/bookkeeper-proto,org.apache.bookkeeper.proto,BookkeeperProtocol.BKPacketHeader.new AbstractParser() {...},10,0,0,0,2,0,2,0,2,0
isw2-tests/bookkeeper-proto,org.apache.bookkeeper.proto,BookkeeperProtocol.ProtocolVersion.new Internal.EnumLiteMap() {...},6,0,0,0,2,0,2,0,2,0
isw2-tests/bookkeeper-proto,org.apache.bookkeeper.proto,BookkeeperProtocol.StartTLSRequest,291,0,24,0,89,0,46,0,34,0
isw2-tests/bookkeeper-proto,org.apache.bookkeeper.proto,DataFormats.LedgerRereplicationLayoutFormat.new AbstractParser() {...},10,0,0,0,2,0,2,0,2,0
isw2-tests/bookkeeper-proto,org.apache.bookkeeper.proto,BookkeeperProtocol.StartTLSResponse.new AbstractParser() {...},10,0,0,0,2,0,2,0,2,0
isw2-tests/bookkeeper-proto,org.apache.bookkeeper.proto,BookkeeperProtocol.ProtocolVersion,98,0,6,0,23,0,14,0,10,0
isw2-tests/bookkeeper-proto,org.apache.bookkeeper.proto,DataFormats.ReplicasCheckFormat.new AbstractParser() {...},10,0,0,0,2,0,2,0,2,0
isw2-tests/bookkeeper-proto,org.apache.bookkeeper.proto,BookkeeperProtocol.AddRequest.Flag,72,0,4,0,19,0,12,0,10,0
isw2-tests/bookkeeper-proto,org.apache.bookkeeper.proto,DataFormats.ReplicasCheckFormat,373,0,39,0,108,0,56,0,36,0
isw2-tests/bookkeeper-proto,org.apache.bookkeeper.proto,DataFormats.LedgerMetadataFormat.DigestType,111,0,7,0,25,0,15,0,10,0
isw2-tests/bookkeeper-proto,org.apache.bookkeeper.proto,BookkeeperProtocol.AddResponse,578,0,79,0,157,0,81,0,40,0
isw2-tests/bookkeeper-proto,org.apache.bookkeeper.proto,BookkeeperProtocol.ReadRequest.Flag.new Internal.EnumLiteMap() {...},6,0,0,0,2,0,2,0,2,0
isw2-tests/bookkeeper-proto,org.apache.bookkeeper.proto,BookkeeperProtocol.ContextPair.new AbstractParser() {...},10,0,0,0,2,0,2,0,2,0
isw2-tests/bookkeeper-proto,org.apache.bookkeeper.proto,BookkeeperProtocol.GetBookieInfoRequest.new AbstractParser() {...},10,0,0,0,2,0,2,0,2,0
isw2-tests/bookkeeper-proto,org.apache.bookkeeper.proto,BookkeeperProtocol,584,0,0,0,50,0,4,0,4,0
isw2-tests/bookkeeper-proto,org.apache.bookkeeper.proto,BookkeeperProtocol.AuthMessage,515,0,64,0,146,0,72,0,39,0
isw2-tests/bookkeeper-proto,org.apache.bookkeeper.proto,DataFormats.PlacementPolicyCheckFormat,373,0,39,0,108,0,56,0,36,0
isw2-tests/bookkeeper-proto,org.apache.bookkeeper.proto,BookkeeperProtocol.AddRequest.Flag.new Internal.EnumLiteMap() {...},6,0,0,0,2,0,2,0,2,0
isw2-tests/bookkeeper-proto,org.apache.bookkeeper.proto,BookkeeperProtocol.ContextPair,555,0,70,0,160,0,76,0,40,0
isw2-tests/bookkeeper-proto,org.apache.bookkeeper.proto,DataFormats.LockDataFormat.new AbstractParser() {...},10,0,0,0,2,0,2,0,2,0
isw2-tests/bookkeeper-proto,org.apache.bookkeeper.proto,DataFormats.LockDataFormat.Builder,302,0,26,0,92,0,41,0,28,0
isw2-tests/bookkeeper-proto,org.apache.bookkeeper.proto,BookkeeperProtocol.GetBookieInfoResponse,562,0,75,0,151,0,79,0,40,0
isw2-tests/bookkeeper-proto,org.apache.bookkeeper.proto,DataFormats.LedgerRereplicationLayoutFormat,510,0,64,0,145,0,72,0,39,0
isw2-tests/bookkeeper-proto,org.apache.bookkeeper.proto,BookkeeperProtocol.AddRequest.new AbstractParser() {...},10,0,0,0,2,0,2,0,2,0
isw2-tests/bookkeeper-proto,org.apache.bookkeeper.proto,BookkeeperProtocol.AuthMessage.new AbstractParser() {...},10,0,0,0,2,0,2,0,2,0
isw2-tests/bookkeeper-proto,org.apache.bookkeeper.proto,DataFormats.CookieFormat.new AbstractParser() {...},10,0,0,0,2,0,2,0,2,0
isw2-tests/bookkeeper-proto,org.apache.bookkeeper.proto,BookkeeperProtocol.StartTLSResponse.Builder,148,0,10,0,47,0,27,0,22,0
isw2-tests/bookkeeper-proto,org.apache.bookkeeper.proto,BookkeeperProtocol.ReadResponse,821,0,124,0,211,0,111,0,46,0
isw2-tests/bookkeeper-proto,org.apache.bookkeeper.proto,BookkeeperProtocol.ForceLedgerResponse,490,0,62,0,136,0,70,0,38,0
isw2-tests/bookkeeper-proto,org.apache.bookkeeper.proto,BookkeeperProtocol.GetBookieInfoResponse.Builder,386,0,34,0,107,0,51,0,34,0
isw2-tests/bookkeeper-proto,org.apache.bookkeeper.proto,BookkeeperProtocol.GetListOfEntriesOfLedgerRequest.Builder,230,0,18,0,69,0,35,0,26,0
isw2-tests/bookkeeper-proto,org.apache.bookkeeper.proto,DataFormats.LedgerMetadataFormat.new AbstractParser() {...},10,0,0,0,2,0,2,0,2,0
isw2-tests/bookkeeper-proto,org.apache.bookkeeper.proto,BookkeeperProtocol.ForceLedgerRequest,381,0,41,0,111,0,57,0,36,0
isw2-tests/bookkeeper-proto,org.apache.bookkeeper.proto,BookkeeperProtocol.GetListOfEntriesOfLedgerRequest,381,0,41,0,111,0,57,0,36,0
isw2-tests/bookkeeper-proto,org.apache.bookkeeper.proto,BookkeeperProtocol.ReadResponse.Builder,613,0,58,0,165,0,75,0,46,0
isw2-tests/bookkeeper-proto,org.apache.bookkeeper.proto,BookkeeperProtocol.WriteLacRequest,651,0,92,0,174,0,90,0,42,0
isw2-tests/bookkeeper-proto,org.apache.bookkeeper.proto,BookkeeperProtocol.ReadRequest.Builder,608,0,56,0,163,0,74,0,46,0
isw2-tests/bookkeeper-proto,org.apache.bookkeeper.proto,DataFormats.BookieServiceInfoFormat.Endpoint.Builder,1034,0,100,0,297,0,114,0,64,0
isw2-tests/bookkeeper-proto,org.apache.bookkeeper.proto,BookkeeperProtocol.ContextPair.Builder,457,0,46,0,138,0,57,0,34,0
isw2-tests/bookkeeper-proto,org.apache.bookkeeper.proto,DataFormats.LedgerMetadataFormat.Segment.new AbstractParser() {...},10,0,0,0,2,0,2,0,2,0
isw2-tests/bookkeeper-proto,org.apache.bookkeeper.proto,BookkeeperProtocol.StartTLSResponse,291,0,24,0,89,0,46,0,34,0
isw2-tests/bookkeeper-proto,org.apache.bookkeeper.proto,DataFormats.UnderreplicatedLedgerFormat.Builder,402,0,30,0,115,0,51,0,36,0
isw2-tests/bookkeeper-proto,org.apache.bookkeeper.proto,BookkeeperProtocol.Request,1709,0,303,0,392,0,226,0,69,0
isw2-tests/bookkeeper-proto,org.apache.bookkeeper.proto,DataFormats.LedgerRereplicationLayoutFormat.Builder,380,0,36,0,113,0,50,0,32,0
isw2-tests/bookkeeper-proto,org.apache.bookkeeper.proto,BookkeeperProtocol.ForceLedgerRequest.Builder,230,0,18,0,69,0,35,0,26,0
isw2-tests/bookkeeper-proto,org.apache.bookkeeper.proto,DataFormats.CookieFormat,809,0,114,0,227,0,105,0,46,0
isw2-tests/bookkeeper-proto,org.apache.bookkeeper.proto,BookkeeperProtocol.ReadRequest.Flag,85,0,5,0,21,0,13,0,10,0
isw2-tests/bookkeeper-proto,org.apache.bookkeeper.proto,BookkeeperProtocol.WriteLacResponse.Builder,323,0,30,0,92,0,45,0,30,0
isw2-tests/bookkeeper-proto,org.apache.bookkeeper.bookie.storage.ldb,DbLedgerStorageDataFormats,52,0,0,0,10,0,4,0,4,0
isw2-tests/bookkeeper-proto,org.apache.bookkeeper.bookie.storage.ldb,DbLedgerStorageDataFormats.LedgerData.Builder,538,0,50,0,147,0,67,0,42,0
isw2-tests/bookkeeper-proto,org.apache.bookkeeper.bookie.storage.ldb,DbLedgerStorageDataFormats.LedgerData,720,0,105,0,189,0,99,0,44,0
isw2-tests/bookkeeper-proto,org.apache.bookkeeper.bookie.storage.ldb,DbLedgerStorageDataFormats.LedgerData.new AbstractParser() {...},10,0,0,0,2,0,2,0,2,0
isw2-tests/bookkeeper-server,org.apache.bookkeeper.zookeeper,ZooKeeperClient.20.new AsyncCallback.DataCallback() {...},38,0,2,0,6,0,3,0,2,0
isw2-tests/bookkeeper-server,org.apache.bookkeeper.zookeeper,ExponentialBackoffRetryPolicy,40,0,2,0,7,0,4,0,3,0
isw2-tests/bookkeeper-server,org.apache.bookkeeper.zookeeper,ZooKeeperClient.Builder,188,0,10,0,49,0,16,0,11,0
isw2-tests/bookkeeper-server,org.apache.bookkeeper.zookeeper,ZooKeeperClient.ZkRetryRunnable,27,0,2,0,9,0,3,0,2,0
isw2-tests/bookkeeper-server,org.apache.bookkeeper.zookeeper,ZooWorker,183,0,28,0,49,0,21,0,7,0
isw2-tests/bookkeeper-server,org.apache.bookkeeper.zookeeper,ExponentialBackOffWithDeadlinePolicy,161,0,8,0,19,0,8,0,4,0
isw2-tests/bookkeeper-server,org.apache.bookkeeper.zookeeper,ZooKeeperClient.8.new AsyncCallback.VoidCallback() {...},36,0,2,0,6,0,3,0,2,0
isw2-tests/bookkeeper-server,org.apache.bookkeeper.zookeeper,ZooKeeperClient.new ZooKeeperClient.ZkRetryRunnable() {...},75,0,2,0,8,0,4,0,3,0
isw2-tests/bookkeeper-server,org.apache.bookkeeper.zookeeper,ZooKeeperClient.new ZooKeeperClient.ZkRetryRunnable() {...},74,0,2,0,8,0,4,0,3,0
isw2-tests/bookkeeper-server,org.apache.bookkeeper.zookeeper,ZooKeeperClient.new ZooWorker.ZooCallable() {...},52,0,2,0,6,0,4,0,3,0
isw2-tests/bookkeeper-server,org.apache.bookkeeper.zookeeper,ZooKeeperClient.new ZooWorker.ZooCallable() {...},51,0,2,0,6,0,4,0,3,0
isw2-tests/bookkeeper-server,org.apache.bookkeeper.zookeeper,ZooKeeperClient.new ZooKeeperClient.ZkRetryRunnable() {...},74,0,2,0,8,0,4,0,3,0
isw2-tests/bookkeeper-server,org.apache.bookkeeper.zookeeper,ZooKeeperClient.new ZooWorker.ZooCallable() {...},59,0,2,0,6,0,4,0,3,0
isw2-tests/bookkeeper-server,org.apache.bookkeeper.zookeeper,ZooKeeperClient.new ZooWorker.ZooCallable() {...},58,0,2,0,6,0,4,0,3,0
isw2-tests/bookkeeper-server,org.apache.bookkeeper.zookeeper,ZooKeeperClient.26.new AsyncCallback.Children2Callback() {...},38,0,2,0,6,0,3,0,2,0
isw2-tests/bookkeeper-server,org.apache.bookkeeper.zookeeper,ZooKeeperClient.new ZooKeeperClient.ZkRetryRunnable() {...},75,0,2,0,8,0,4,0,3,0
isw2-tests/bookkeeper-server,org.apache.bookkeeper.zookeeper,ZooKeeperClient.new ZooWorker.ZooCallable() {...},53,0,2,0,7,0,4,0,3,0
isw2-tests/bookkeeper-server,org.apache.bookkeeper.zookeeper,ZooKeeperClient.new ZooKeeperClient.ZkRetryRunnable() {...},93,0,2,0,8,0,4,0,3,0
isw2-tests/bookkeeper-server,org.apache.bookkeeper.zookeeper,ZooKeeperClient.new ZooWorker.ZooCallable() {...},51,0,2,0,6,0,4,0,3,0
isw2-tests/bookkeeper-server,org.apache.bookkeeper.zookeeper,ZooKeeperClient.new ZooKeeperClient.ZkRetryRunnable() {...},54,0,2,0,8,0,4,0,3,0
isw2-tests/bookkeeper-server,org.apache.bookkeeper.zookeeper,ZooKeeperClient.new ZooWorker.ZooCallable() {...},31,0,2,0,6,0,4,0,3,0
isw2-tests/bookkeeper-server,org.apache.bookkeeper.zookeeper,ZooKeeperClient.new ZooKeeperClient.ZkRetryRunnable() {...},75,0,2,0,8,0,4,0,3,0
isw2-tests/bookkeeper-server,org.apache.bookkeeper.zookeeper,ZooKeeperClient.new ZooKeeperClient.ZkRetryRunnable() {...},74,0,2,0,8,0,4,0,3,0
isw2-tests/bookkeeper-server,org.apache.bookkeeper.zookeeper,ZooKeeperClient.new ZooKeeperClient.ZkRetryRunnable() {...},74,0,2,0,8,0,4,0,3,0
isw2-tests/bookkeeper-server,org.apache.bookkeeper.zookeeper,ZooKeeperClient.new ZooWorker.ZooCallable() {...},59,0,2,0,6,0,4,0,3,0
isw2-tests/bookkeeper-server,org.apache.bookkeeper.zookeeper,ZooKeeperClient.new ZooWorker.ZooCallable() {...},51,0,2,0,6,0,4,0,3,0
isw2-tests/bookkeeper-server,org.apache.bookkeeper.zookeeper,ZooKeeperClient.new Callable() {...},33,0,0,0,7,0,2,0,2,0
isw2-tests/bookkeeper-server,org.apache.bookkeeper.zookeeper,ZooKeeperClient.new ZooKeeperClient.ZkRetryRunnable() {...},74,0,2,0,8,0,4,0,3,0
isw2-tests/bookkeeper-server,org.apache.bookkeeper.zookeeper,ZooKeeperClient.new ZooWorker.ZooCallable() {...},52,0,2,0,6,0,4,0,3,0
isw2-tests/bookkeeper-server,org.apache.bookkeeper.zookeeper,ZooKeeperClient.new ZooKeeperClient.ZkRetryRunnable() {...},87,0,2,0,8,0,4,0,3,0
isw2-tests/bookkeeper-server,org.apache.bookkeeper.zookeeper,ZooKeeperClient.new ZooWorker.ZooCallable() {...},64,0,2,0,6,0,4,0,3,0
isw2-tests/bookkeeper-server,org.apache.bookkeeper.zookeeper,ZooKeeperClient.new ZooWorker.ZooCallable() {...},70,0,2,0,6,0,4,0,3,0
isw2-tests/bookkeeper-server,org.apache.bookkeeper.zookeeper,ZooKeeperClient.new ZooKeeperClient.ZkRetryRunnable() {...},62,0,2,0,8,0,4,0,3,0
isw2-tests/bookkeeper-server,org.apache.bookkeeper.zookeeper,ZooKeeperClient.15.new AsyncCallback.StatCallback() {...},37,0,2,0,6,0,3,0,2,0
isw2-tests/bookkeeper-server,org.apache.bookkeeper.zookeeper,ZooKeeperClient.new ZooWorker.ZooCallable() {...},58,0,2,0,6,0,4,0,3,0
isw2-tests/bookkeeper-server,org.apache.bookkeeper.zookeeper,ZooKeeperClient.new ZooKeeperClient.ZkRetryRunnable() {...},82,0,2,0,8,0,4,0,3,0
isw2-tests/bookkeeper-server,org.apache.bookkeeper.zookeeper,ZooKeeperClient.new ZooWorker.ZooCallable() {...},59,0,2,0,6,0,4,0,3,0
isw2-tests/bookkeeper-server,org.apache.bookkeeper.zookeeper,ZooKeeperClient.new ZooKeeperClient.ZkRetryRunnable() {...},75,0,2,0,8,0,4,0,3,0
isw2-tests/bookkeeper-server,org.apache.bookkeeper.zookeeper,ZooKeeperClient.new ZooKeeperClient.ZkRetryRunnable() {...},75,0,2,0,8,0,4,0,3,0
isw2-tests/bookkeeper-server,org.apache.bookkeeper.zookeeper,ZooKeeperClient.22.new AsyncCallback.StatCallback() {...},37,0,2,0,6,0,3,0,2,0
isw2-tests/bookkeeper-server,org.apache.bookkeeper.zookeeper,BoundExponentialBackoffRetryPolicy,16,0,0,0,4,0,2,0,2,0
isw2-tests/bookkeeper-server,org.apache.bookkeeper.zookeeper,ZooKeeperClient.30.new AsyncCallback.ChildrenCallback() {...},37,0,2,0,6,0,3,0,2,0
isw2-tests/bookkeeper-server,org.apache.bookkeeper.zookeeper,ZooKeeperWatcherBase,239,0,22,0,66,0,24,0,12,0
isw2-tests/bookkeeper-server,org.apache.bookkeeper.zookeeper,ZooKeeperClient.19.new AsyncCallback.DataCallback() {...},38,0,2,0,6,0,3,0,2,0
isw2-tests/bookkeeper-server,org.apache.bookkeeper.zookeeper,ZooKeeperClient,886,0,32,0,167,0,65,0,49,0
isw2-tests/bookkeeper-server,org.apache.bookkeeper.zookeeper,ZooKeeperClient.7.new AsyncCallback.StatCallback() {...},37,0,2,0,6,0,3,0,2,0
isw2-tests/bookkeeper-server,org.apache.bookkeeper.zookeeper,ZooKeeperClient.29.new AsyncCallback.ChildrenCallback() {...},37,0,2,0,6,0,3,0,2,0
isw2-tests/bookkeeper-server,org.apache.bookkeeper.zookeeper,ZooKeeperClient.16.new AsyncCallback.StatCallback() {...},37,0,2,0,6,0,3,0,2,0
isw2-tests/bookkeeper-server,org.apache.bookkeeper.zookeeper,ZooKeeperClient.5.new AsyncCallback.ACLCallback() {...},38,0,2,0,6,0,3,0,2,0
isw2-tests/bookkeeper-server,org.apache.bookkeeper.zookeeper,ZooKeeperClient.25.new AsyncCallback.Children2Callback() {...},38,0,2,0,6,0,3,0,2,0
isw2-tests/bookkeeper-server,org.apache.bookkeeper.zookeeper,ZooKeeperClient.3.new AsyncCallback.MultiCallback() {...},37,0,2,0,6,0,3,0,2,0
isw2-tests/bookkeeper-server,org.apache.bookkeeper.zookeeper,ZooKeeperClient.12.new AsyncCallback.VoidCallback() {...},36,0,2,0,6,0,3,0,2,0
isw2-tests/bookkeeper-server,org.apache.bookkeeper.zookeeper,ZooKeeperClient.1.new ZooWorker.ZooCallable() {...},75,0,0,0,14,0,3,0,3,0
isw2-tests/bookkeeper-server,org.apache.bookkeeper.zookeeper,ZooKeeperClient.10.new AsyncCallback.StringCallback() {...},37,0,2,0,6,0,3,0,2,0
isw2-tests/bookkeeper-server,org.apache.bookkeeper.tools.cli.helpers,DiscoveryCommand,56,0,2,0,14,0,5,0,4,0
isw2-tests/bookkeeper-server,org.apache.bookkeeper.tools.cli.helpers,BookieShellCommand,35,0,0,0,9,0,4,0,4,0
isw2-tests/bookkeeper-server,org.apache.bookkeeper.tools.cli.helpers,BookieCommand,25,0,2,0,7,0,3,0,2,0
isw2-tests/bookkeeper-server,org.apache.bookkeeper.tools.cli.helpers,CommandHelpers,70,0,4,0,14,0,4,0,2,0
isw2-tests/bookkeeper-server,org.apache.bookkeeper.tools.cli.helpers,ClientCommand,62,0,2,0,16,0,6,0,5,0
isw2-tests/bookkeeper-server,org.apache.bookkeeper.meta.zk,ZKMetadataDriverBase.new AsyncCallback.VoidCallback() {...},41,0,4,0,8,0,4,0,2,0
isw2-tests/bookkeeper-server,org.apache.bookkeeper.meta.zk,ZKMetadataDriverBase.new AsyncCallback.StringCallback() {...},41,0,4,0,8,0,4,0,2,0
isw2-tests/bookkeeper-server,org.apache.bookkeeper.meta.zk,ZKMetadataDriverBase.new AsyncCallback.StatCallback() {...},27,0,2,0,5,0,3,0,2,0
isw2-tests/bookkeeper-server,org.apache.bookkeeper.meta.zk,ZKMetadataBookieDriver,47,0,0,0,15,0,5,0,5,0
isw2-tests/bookkeeper-server,org.apache.bookkeeper.meta.zk,ZKMetadataClientDriver,96,0,8,0,27,0,11,0,7,0
isw2-tests/bookkeeper-server,org.apache.bookkeeper.meta.zk,ZKMetadataDriverBase,495,0,28,0,119,0,32,0,16,0
isw2-tests/bookkeeper-server,org.apache.bookkeeper.replication,Auditor.10.new Runnable() {...},23,0,0,0,5,0,2,0,2,0
isw2-tests/bookkeeper-server,org.apache.bookkeeper.replication,AuditorElector,192,0,11,0,60,0,19,0,13,0
isw2-tests/bookkeeper-server,org.apache.bookkeeper.replication,Auditor.ReadLedgerMetadataCallbackForReplicasCheck,333,0,32,0,68,0,18,0,2,0
isw2-tests/bookkeeper-server,org.apache.bookkeeper.replication,Auditor.ProcessLostFragmentsCb,132,0,10,0,28,0,9,0,4,0
isw2-tests/bookkeeper-server,org.apache.bookkeeper.replication,Auditor,2262,0,124,0,562,0,108,0,46,0
isw2-tests/bookkeeper-server,org.apache.bookkeeper.replication,ReplicationEnableCb,33,0,4,0,12,0,6,0,4,0
isw2-tests/bookkeeper-server,org.apache.bookkeeper.replication,Auditor.ReplicasCheckFinalCallback,17,0,0,0,7,0,2,0,2,0
isw2-tests/bookkeeper-server,org.apache.bookkeeper.replication,ReplicationException.CompatibilityException,9,0,0,0,4,0,2,0,2,0
isw2-tests/bookkeeper-server,org.apache.bookkeeper.replication,Auditor.new Gauge() {...},15,0,0,0,3,0,3,0,3,0
isw2-tests/bookkeeper-server,org.apache.bookkeeper.replication,Auditor.new Gauge() {...},15,0,0,0,3,0,3,0,3,0
isw2-tests/bookkeeper-server,org.apache.bookkeeper.replication,Auditor.new Gauge() {...},15,0,0,0,3,0,3,0,3,0
isw2-tests/bookkeeper-server,org.apache.bookkeeper.replication,Auditor.new Gauge() {...},15,0,0,0,3,0,3,0,3,0
isw2-tests/bookkeeper-server,org.apache.bookkeeper.replication,Auditor.new Gauge() {...},15,0,0,0,3,0,3,0,3,0
isw2-tests/bookkeeper-server,org.apache.bookkeeper.replication,Auditor.new Gauge() {...},15,0,0,0,3,0,3,0,3,0
isw2-tests/bookkeeper-server,org.apache.bookkeeper.replication,Auditor.BookieExpectedToContainSegmentInfo,27,0,0,0,10,0,5,0,5,0
isw2-tests/bookkeeper-server,org.apache.bookkeeper.replication,Auditor.new ThreadFactory() {...},28,0,0,0,4,0,2,0,2,0
isw2-tests/bookkeeper-server,org.apache.bookkeeper.replication,Auditor.new Gauge() {...},15,0,0,0,3,0,3,0,3,0
isw2-tests/bookkeeper-server,org.apache.bookkeeper.replication,Auditor.new Runnable() {...},22,0,0,0,6,0,2,0,2,0
isw2-tests/bookkeeper-server,org.apache.bookkeeper.replication,Auditor.MissingEntriesInfoOfLedger,33,0,0,0,12,0,6,0,6,0
isw2-tests/bookkeeper-server,org.apache.bookkeeper.replication,BookieLedgerIndexer,101,0,6,0,26,0,7,0,4,0
isw2-tests/bookkeeper-server,org.apache.bookkeeper.replication,ReplicationWorker.CheckerCallback,25,0,0,0,8,0,3,0,3,0
isw2-tests/bookkeeper-server,org.apache.bookkeeper.replication,ReplicationException.UnavailableException,9,0,0,0,4,0,2,0,2,0
isw2-tests/bookkeeper-server,org.apache.bookkeeper.replication,ReplicationException,25,0,2,0,8,0,5,0,4,0
isw2-tests/bookkeeper-server,org.apache.bookkeeper.replication,AutoRecoveryMain,484,0,20,0,136,0,29,0,19,0
isw2-tests/bookkeeper-server,org.apache.bookkeeper.replication,ReplicationException.BKAuditException,9,0,0,0,4,0,2,0,2,0
isw2-tests/bookkeeper-server,org.apache.bookkeeper.replication,Auditor.11.new Runnable() {...},23,0,0,0,5,0,2,0,2,0
isw2-tests/bookkeeper-server,org.apache.bookkeeper.replication,Auditor.GetListOfEntriesOfLedgerCallbackForReplicasCheck,241,0,16,0,51,0,10,0,2,0
isw2-tests/bookkeeper-server,org.apache.bookkeeper.replication,BookieLedgerIndexer.new AsyncCallback.VoidCallback() {...},22,0,0,0,4,0,2,0,2,0
isw2-tests/bookkeeper-server,org.apache.bookkeeper.replication,BookieLedgerIndexer.new BookkeeperInternalCallbacks.Processor() {...},93,0,8,0,16,0,7,0,3,0
isw2-tests/bookkeeper-server,org.apache.bookkeeper.replication,Auditor.LostBookieRecoveryDelayChangedCb,22,0,0,0,8,0,2,0,2,0
isw2-tests/bookkeeper-server,org.apache.bookkeeper.replication,Auditor.new Runnable() {...},199,0,20,0,45,0,12,0,2,0
isw2-tests/bookkeeper-server,org.apache.bookkeeper.replication,Auditor.new Runnable() {...},122,0,10,0,29,0,7,0,2,0
isw2-tests/bookkeeper-server,org.apache.bookkeeper.replication,Auditor.new Runnable() {...},123,0,6,0,37,0,5,0,2,0
isw2-tests/bookkeeper-server,org.apache.bookkeeper.replication,AuditorElector.new ThreadFactory() {...},23,0,0,0,2,0,2,0,2,0
isw2-tests/bookkeeper-server,org.apache.bookkeeper.replication,Auditor.new BookkeeperInternalCallbacks.Processor() {...},197,0,20,0,43,0,13,0,3,0
isw2-tests/bookkeeper-server,org.apache.bookkeeper.replication,AuditorElector.new Runnable() {...},33,0,2,0,11,0,3,0,2,0
isw2-tests/bookkeeper-server,org.apache.bookkeeper.replication,Auditor.new Runnable() {...},84,0,4,0,27,0,4,0,2,0
isw2-tests/bookkeeper-server,org.apache.bookkeeper.replication,Auditor.new Runnable() {...},153,0,6,0,47,0,5,0,2,0
isw2-tests/bookkeeper-server,org.apache.bookkeeper.replication,Auditor.new Runnable() {...},19,0,2,0,5,0,3,0,2,0
isw2-tests/bookkeeper-server,org.apache.bookkeeper.replication,Auditor.new AsyncCallback.VoidCallback() {...},22,0,0,0,4,0,2,0,2,0
isw2-tests/bookkeeper-server,org.apache.bookkeeper.replication,AuditorElector.new Runnable() {...},70,0,2,0,15,0,4,0,3,0
isw2-tests/bookkeeper-server,org.apache.bookkeeper.replication,Auditor.new BookkeeperInternalCallbacks.MultiCallback() {...},23,0,0,0,4,0,2,0,2,0
isw2-tests/bookkeeper-server,org.apache.bookkeeper.replication,Auditor.UnderReplicatedLedgersChangedCb,23,0,0,0,6,0,2,0,2,0
isw2-tests/bookkeeper-server,org.apache.bookkeeper.replication,ReplicationWorker.new TimerTask() {...},158,0,12,0,46,0,8,0,2,0
isw2-tests/bookkeeper-server,org.apache.bookkeeper.replication,ReplicationWorker.new TimerTask() {...},28,0,0,0,7,0,2,0,2,0
isw2-tests/bookkeeper-server,org.apache.bookkeeper.replication,ReplicationWorker.new CacheLoader() {...},10,0,0,0,2,0,2,0,2,0
isw2-tests/bookkeeper-server,org.apache.bookkeeper.replication,ReplicationWorker.new CacheLoader() {...},10,0,0,0,2,0,2,0,2,0
isw2-tests/bookkeeper-server,org.apache.bookkeeper.replication,AutoRecoveryMain.AutoRecoveryDeathWatcher,64,0,4,0,18,0,5,0,3,0
isw2-tests/bookkeeper-server,org.apache.bookkeeper.replication,Auditor.MissingEntriesInfo,27,0,0,0,10,0,5,0,5,0
isw2-tests/bookkeeper-server,org.apache.bookkeeper.replication,ReplicationWorker,880,0,60,0,246,0,51,0,21,0
isw2-tests/bookkeeper-server,org.apache.bookkeeper.client.api,Handle,6,0,0,0,2,0,1,0,1,0
isw2-tests/bookkeeper-server,org.apache.bookkeeper.client.api,WriteAdvHandle,49,0,0,0,7,0,7,0,7,0
isw2-tests/bookkeeper-server,org.apache.bookkeeper.client.api,BKException,129,0,41,0,55,0,45,0,7,0
isw2-tests/bookkeeper-server,org.apache.bookkeeper.client.api,BKException.LogMessagePool.UnrecognizedCodeLogFormatter,23,0,0,0,4,0,2,0,2,0
isw2-tests/bookkeeper-server,org.apache.bookkeeper.client.api,ReadHandle,39,0,0,0,6,0,5,0,5,0
isw2-tests/bookkeeper-server,org.apache.bookkeeper.client.api,LedgerMetadata.State,34,0,0,0,4,0,1,0,1,0
isw2-tests/bookkeeper-server,org.apache.bookkeeper.client.api,BookKeeper,5,0,0,0,1,0,1,0,1,0
isw2-tests/bookkeeper-server,org.apache.bookkeeper.client.api,DigestType,44,0,0,0,5,0,1,0,1,0
isw2-tests/bookkeeper-server,org.apache.bookkeeper.client.api,BKException.LogMessagePool,149,0,20,0,27,0,16,0,6,0
isw2-tests/bookkeeper-server,org.apache.bookkeeper.client.api,WriteFlag,63,0,4,0,16,0,7,0,5,0
isw2-tests/bookkeeper-server,org.apache.bookkeeper.client.api,CreateBuilder,6,0,0,0,1,0,1,0,1,0
isw2-tests/bookkeeper-server,org.apache.bookkeeper.client.api,WriteHandle,48,0,0,0,9,0,8,0,8,0
isw2-tests/bookkeeper-server,org.apache.bookkeeper.server,Main,1141,0,72,0,267,0,53,0,17,0
isw2-tests/bookkeeper-server,org.apache.bookkeeper.meta,LedgerLayout,281,0,30,0,36,0,27,0,12,0
isw2-tests/bookkeeper-server,org.apache.bookkeeper.meta,LongHierarchicalLedgerManager.LongHierarchicalLedgerRangeIterator.LeafIterator,56,0,8,0,14,0,7,0,3,0
isw2-tests/bookkeeper-server,org.apache.bookkeeper.meta,AbstractHierarchicalLedgerManager.1.new AsyncCallback.ChildrenCallback() {...},79,0,4,0,12,0,4,0,2,0
isw2-tests/bookkeeper-server,org.apache.bookkeeper.meta,ZkLedgerAuditorManager.ElectionComparator,31,0,4,0,6,0,4,0,2,0
isw2-tests/bookkeeper-server,org.apache.bookkeeper.meta,MSLedgerManagerFactory.MsLedgerManager.ReadLedgerMetadataTask,158,0,20,0,34,0,15,0,5,0
isw2-tests/bookkeeper-server,org.apache.bookkeeper.meta,LongZkLedgerIdGenerator,402,0,32,0,101,0,34,0,17,0
isw2-tests/bookkeeper-server,org.apache.bookkeeper.meta,ZkLedgerAuditorManager,435,0,28,0,99,0,24,0,10,0
isw2-tests/bookkeeper-server,org.apache.bookkeeper.meta,LegacyHierarchicalLedgerManager.2.new BookkeeperInternalCallbacks.Processor() {...},47,0,0,0,4,0,2,0,2,0
isw2-tests/bookkeeper-server,org.apache.bookkeeper.meta,MetadataDrivers.MetadataBookieDriverInfo,27,0,0,0,5,0,2,0,2,0
isw2-tests/bookkeeper-server,org.apache.bookkeeper.meta,MSLedgerManagerFactory.MsLedgerManager.new MetastoreCallback() {...},60,0,6,0,11,0,5,0,2,0
isw2-tests/bookkeeper-server,org.apache.bookkeeper.meta,LedgerMetadataSerDe,1182,0,118,0,258,0,84,0,18,0
isw2-tests/bookkeeper-server,org.apache.bookkeeper.meta,MSLedgerManagerFactory.MsLedgerManager.new MetastoreCallback() {...},61,0,4,0,9,0,4,0,2,0
isw2-tests/bookkeeper-server,org.apache.bookkeeper.meta,MSLedgerManagerFactory.MsLedgerManager.new MetastoreCallback() {...},92,0,6,0,13,0,5,0,2,0
isw2-tests/bookkeeper-server,org.apache.bookkeeper.meta,MSLedgerManagerFactory.MsLedgerManager.new MetastoreCallback() {...},138,0,4,0,19,0,4,0,2,0
isw2-tests/bookkeeper-server,org.apache.bookkeeper.meta,MSLedgerManagerFactory.MsLedgerManager.new MetastoreCallback() {...},47,0,4,0,8,0,4,0,2,0
isw2-tests/bookkeeper-server,org.apache.bookkeeper.meta,MSLedgerManagerFactory.MsLedgerManager.new MetastoreCursor.ReadEntriesCallback() {...},117,0,6,0,20,0,5,0,2,0
isw2-tests/bookkeeper-server,org.apache.bookkeeper.meta,MSLedgerManagerFactory.MsLedgerManager.new Runnable() {...},40,0,0,0,3,0,2,0,2,0
isw2-tests/bookkeeper-server,org.apache.bookkeeper.meta,LegacyHierarchicalLedgerManager.new ThreadLocal() {...},7,0,0,0,2,0,2,0,2,0
isw2-tests/bookkeeper-server,org.apache.bookkeeper.meta,LegacyHierarchicalLedgerManager.new BookkeeperInternalCallbacks.Processor() {...},61,0,2,0,7,0,3,0,2,0
isw2-tests/bookkeeper-server,org.apache.bookkeeper.meta,CleanupLedgerManager,319,0,18,0,78,0,26,0,17,0
isw2-tests/bookkeeper-server,org.apache.bookkeeper.meta,LedgerAuditorManager.AuditorEvent,24,0,0,0,3,0,1,0,1,0
isw2-tests/bookkeeper-server,org.apache.bookkeeper.meta,MSLedgerManagerFactory.MsLedgerManager.MSLedgerRangeIterator.new MetastoreCallback() {...},28,0,2,0,6,0,3,0,2,0
isw2-tests/bookkeeper-server,org.apache.bookkeeper.meta,FlatLedgerManager.new LedgerManager.LedgerRangeIterator() {...},99,0,10,0,22,0,9,0,4,0
isw2-tests/bookkeeper-server,org.apache.bookkeeper.meta,FlatLedgerManager,77,0,0,0,18,0,7,0,7,0
isw2-tests/bookkeeper-server,org.apache.bookkeeper.meta,ZkLedgerIdGenerator.new AsyncCallback.StringCallback() {...},85,0,6,0,17,0,5,0,2,0
isw2-tests/bookkeeper-server,org.apache.bookkeeper.meta,LayoutManager.LedgerLayoutExistsException,13,0,0,0,6,0,3,0,3,0
isw2-tests/bookkeeper-server,org.apache.bookkeeper.meta,ZkLedgerIdGenerator.1.new AsyncCallback.VoidCallback() {...},30,0,4,0,7,0,4,0,2,0
isw2-tests/bookkeeper-server,org.apache.bookkeeper.meta,HierarchicalLedgerManager.HierarchicalLedgerRangeIterator,33,0,6,0,8,0,6,0,3,0
isw2-tests/bookkeeper-server,org.apache.bookkeeper.meta,HierarchicalLedgerManager,97,0,2,0,16,0,8,0,7,0
isw2-tests/bookkeeper-server,org.apache.bookkeeper.meta,AbstractZkLedgerManager.new AsyncCallback.VoidCallback() {...},79,0,10,0,18,0,7,0,2,0
isw2-tests/bookkeeper-server,org.apache.bookkeeper.meta,AbstractZkLedgerManager.new AsyncCallback.StringCallback() {...},168,0,12,0,29,0,9,0,3,0
isw2-tests/bookkeeper-server,org.apache.bookkeeper.meta,AbstractZkLedgerManager.new BookkeeperInternalCallbacks.GenericCallback() {...},117,0,10,0,20,0,8,0,3,0
isw2-tests/bookkeeper-server,org.apache.bookkeeper.meta,AbstractZkLedgerManager.new AsyncCallback.StatCallback() {...},82,0,6,0,12,0,5,0,2,0
isw2-tests/bookkeeper-server,org.apache.bookkeeper.meta,AbstractZkLedgerManager.new AsyncCallback.DataCallback() {...},163,0,8,0,27,0,6,0,2,0
isw2-tests/bookkeeper-server,org.apache.bookkeeper.meta,LongHierarchicalLedgerManager.LongHierarchicalLedgerRangeIterator.InnerIterator,112,0,14,0,22,0,11,0,4,0
isw2-tests/bookkeeper-server,org.apache.bookkeeper.meta,AbstractHierarchicalLedgerManager.AsyncListProcessor,47,0,4,0,12,0,4,0,2,0
isw2-tests/bookkeeper-server,org.apache.bookkeeper.meta,FlatLedgerManagerFactory,91,0,8,0,16,0,12,0,8,0
isw2-tests/bookkeeper-server,org.apache.bookkeeper.meta,LongHierarchicalLedgerManager.LongHierarchicalLedgerRangeIterator,75,0,4,0,20,0,7,0,5,0
isw2-tests/bookkeeper-server,org.apache.bookkeeper.meta,LedgerManager.LedgerRange,26,0,0,0,7,0,5,0,5,0
isw2-tests/bookkeeper-server,org.apache.bookkeeper.meta,MSLedgerManagerFactory.AsyncSetProcessor.1.new Runnable() {...},21,0,0,0,3,0,2,0,2,0
isw2-tests/bookkeeper-server,org.apache.bookkeeper.meta,NullMetadataBookieDriver,20,0,0,0,7,0,7,0,7,0
isw2-tests/bookkeeper-server,org.apache.bookkeeper.meta,CleanupLedgerManager.CleanupGenericCallback,39,0,4,0,9,0,4,0,2,0
isw2-tests/bookkeeper-server,org.apache.bookkeeper.meta,MSLedgerManagerFactory.MsLedgerManager.MSLedgerRangeIterator,95,0,4,0,23,0,5,0,3,0
isw2-tests/bookkeeper-server,org.apache.bookkeeper.meta,UnderreplicatedLedger,23,0,0,0,10,0,6,0,6,0
isw2-tests/bookkeeper-server,org.apache.bookkeeper.meta,MSLedgerManagerFactory.SyncResult,35,0,2,0,15,0,6,0,5,0
isw2-tests/bookkeeper-server,org.apache.bookkeeper.meta,NullMetadataBookieDriver.NullLedgerManagerFactory,27,0,0,0,10,0,10,0,10,0
isw2-tests/bookkeeper-server,org.apache.bookkeeper.meta,HierarchicalLedgerManagerFactory,38,0,0,0,6,0,3,0,3,0
isw2-tests/bookkeeper-server,org.apache.bookkeeper.meta,ZkLedgerUnderreplicationManager,2223,0,126,0,525,0,108,0,45,0
isw2-tests/bookkeeper-server,org.apache.bookkeeper.meta,ZkLedgerIdGenerator,94,0,2,0,22,0,8,0,7,0
isw2-tests/bookkeeper-server,org.apache.bookkeeper.meta,LongZkLedgerIdGenerator.new BookkeeperInternalCallbacks.GenericCallback() {...},130,0,14,0,23,0,10,0,3,0
isw2-tests/bookkeeper-server,org.apache.bookkeeper.meta,LongZkLedgerIdGenerator.new BookkeeperInternalCallbacks.GenericCallback() {...},27,0,2,0,5,0,3,0,2,0
isw2-tests/bookkeeper-server,org.apache.bookkeeper.meta,LongZkLedgerIdGenerator.new AsyncCallback.StringCallback() {...},66,0,0,0,18,0,2,0,2,0
isw2-tests/bookkeeper-server,org.apache.bookkeeper.meta,NullMetadataBookieDriver.NullLedgerManager.new LedgerManager.LedgerRangeIterator() {...},12,0,0,0,3,0,3,0,3,0
isw2-tests/bookkeeper-server,org.apache.bookkeeper.meta,CleanupLedgerManager.ClosedLedgerRangeIterator,10,0,0,0,2,0,2,0,2,0
isw2-tests/bookkeeper-server,org.apache.bookkeeper.meta,MSLedgerManagerFactory.MsLedgerManager.7.new AsyncCallback.VoidCallback() {...},70,0,2,0,8,0,3,0,2,0
isw2-tests/bookkeeper-server,org.apache.bookkeeper.meta,LegacyHierarchicalLedgerManagerFactory,81,0,2,0,17,0,9,0,8,0
isw2-tests/bookkeeper-server,org.apache.bookkeeper.meta,ZkLayoutManager,107,0,0,0,33,0,5,0,5,0
isw2-tests/bookkeeper-server,org.apache.bookkeeper.meta,AbstractHierarchicalLedgerManager.new AsyncCallback.VoidCallback() {...},75,0,4,0,11,0,4,0,2,0
isw2-tests/bookkeeper-server,org.apache.bookkeeper.meta,MSLedgerManagerFactory.MsLedgerManager,488,0,35,0,110,0,32,0,14,0
isw2-tests/bookkeeper-server,org.apache.bookkeeper.meta,NullMetadataBookieDriver.NullLedgerUnderreplicationManager.new Iterator() {...},12,0,0,0,3,0,3,0,3,0
isw2-tests/bookkeeper-server,org.apache.bookkeeper.meta,ZkLedgerUnderreplicationManager.Lock,15,0,0,0,6,0,3,0,3,0
isw2-tests/bookkeeper-server,org.apache.bookkeeper.meta,LongHierarchicalLedgerManagerFactory,11,0,0,0,2,0,2,0,2,0
isw2-tests/bookkeeper-server,org.apache.bookkeeper.meta,MSLedgerManagerFactory.AsyncSetProcessor,39,0,4,0,11,0,4,0,2,0
isw2-tests/bookkeeper-server,org.apache.bookkeeper.meta,AbstractZkLedgerManager.ReadLedgerMetadataTask,182,0,22,0,39,0,16,0,5,0
isw2-tests/bookkeeper-server,org.apache.bookkeeper.meta,MetadataBookieDriver,19,0,0,0,5,0,3,0,3,0
isw2-tests/bookkeeper-server,org.apache.bookkeeper.meta,AbstractZkLedgerManagerFactory,636,0,76,0,140,0,48,0,10,0
isw2-tests/bookkeeper-server,org.apache.bookkeeper.meta,LegacyHierarchicalLedgerManager.LegacyHierarchicalLedgerRangeIterator,295,0,30,0,71,0,21,0,6,0
isw2-tests/bookkeeper-server,org.apache.bookkeeper.meta,CleanupLedgerManager.new BookkeeperInternalCallbacks.GenericCallback() {...},24,0,0,0,3,0,2,0,2,0
isw2-tests/bookkeeper-server,org.apache.bookkeeper.meta,CleanupLedgerManager.new AsyncCallback.VoidCallback() {...},26,0,2,0,4,0,3,0,2,0
isw2-tests/bookkeeper-server,org.apache.bookkeeper.meta,MetadataClientDriver,4,0,0,0,1,0,1,0,1,0
isw2-tests/bookkeeper-server,org.apache.bookkeeper.meta,NullMetadataBookieDriver.NullLayoutManager,11,0,0,0,4,0,4,0,4,0
isw2-tests/bookkeeper-server,org.apache.bookkeeper.meta,LongHierarchicalLedgerManager.RecursiveProcessor,100,0,6,0,16,0,5,0,2,0
isw2-tests/bookkeeper-server,org.apache.bookkeeper.meta,HierarchicalLedgerManager.new AsyncCallback.VoidCallback() {...},47,0,2,0,5,0,3,0,2,0
isw2-tests/bookkeeper-server,org.apache.bookkeeper.meta,MetadataDrivers.MetadataClientDriverInfo,27,0,0,0,5,0,2,0,2,0
isw2-tests/bookkeeper-server,org.apache.bookkeeper.meta,LongHierarchicalLedgerManager,78,0,2,0,12,0,8,0,7,0
isw2-tests/bookkeeper-server,org.apache.bookkeeper.meta,AbstractHierarchicalLedgerManager,130,0,18,0,28,0,14,0,5,0
isw2-tests/bookkeeper-server,org.apache.bookkeeper.meta,LedgerUnderreplicationManager,14,0,0,0,4,0,1,0,1,0
isw2-tests/bookkeeper-server,org.apache.bookkeeper.meta,NullMetadataBookieDriver.NullLedgerAuditorManager,8,0,0,0,4,0,4,0,4,0
isw2-tests/bookkeeper-server,org.apache.bookkeeper.meta,AbstractZkLedgerManager,641,0,75,0,152,0,54,0,16,0
isw2-tests/bookkeeper-server,org.apache.bookkeeper.meta,NullMetadataBookieDriver.NullLedgerUnderreplicationManager,72,0,0,0,29,0,27,0,27,0
isw2-tests/bookkeeper-server,org.apache.bookkeeper.meta,MetadataDrivers,505,0,36,0,124,0,38,0,20,0
isw2-tests/bookkeeper-server,org.apache.bookkeeper.meta,NullMetadataBookieDriver.NullLedgerIdGenerator,9,0,0,0,4,0,3,0,3,0
isw2-tests/bookkeeper-server,org.apache.bookkeeper.meta,AbstractHierarchicalLedgerManager.AsyncListProcessor.new AsyncCallback.VoidCallback() {...},79,0,4,0,12,0,4,0,2,0
isw2-tests/bookkeeper-server,org.apache.bookkeeper.meta,NullMetadataBookieDriver.NullLedgerManager,45,0,0,0,15,0,11,0,11,0
isw2-tests/bookkeeper-server,org.apache.bookkeeper.meta,NullMetadataBookieDriver.NullRegistrationManager,23,0,0,0,14,0,14,0,14,0
isw2-tests/bookkeeper-server,org.apache.bookkeeper.meta,MSLedgerManagerFactory.AsyncSetProcessor.new AsyncCallback.VoidCallback() {...},68,0,4,0,11,0,4,0,2,0
isw2-tests/bookkeeper-server,org.apache.bookkeeper.meta,LongZkLedgerIdGenerator.HighOrderLedgerIdGenPathStatus,34,0,0,0,4,0,1,0,1,0
isw2-tests/bookkeeper-server,org.apache.bookkeeper.meta,MSLedgerManagerFactory,345,0,20,0,78,0,25,0,15,0
isw2-tests/bookkeeper-server,org.apache.bookkeeper.meta,ZkLedgerUnderreplicationManager.new SubTreeCache.TreeProvider() {...},15,0,0,0,2,0,2,0,2,0
isw2-tests/bookkeeper-server,org.apache.bookkeeper.meta,ZkLedgerUnderreplicationManager.new Iterator() {...},152,0,24,0,30,0,17,0,5,0
isw2-tests/bookkeeper-server,org.apache.bookkeeper.meta,ZkLedgerUnderreplicationManager.new Watcher() {...},23,0,0,0,4,0,2,0,2,0
isw2-tests/bookkeeper-server,org.apache.bookkeeper.meta,ZkLedgerUnderreplicationManager.new Watcher() {...},22,0,2,0,5,0,3,0,2,0
isw2-tests/bookkeeper-server,org.apache.bookkeeper.meta,ZkLedgerUnderreplicationManager.new Watcher() {...},27,0,4,0,4,0,4,0,2,0
isw2-tests/bookkeeper-server,org.apache.bookkeeper.meta,ZkLedgerUnderreplicationManager.new Watcher() {...},19,0,2,0,4,0,3,0,2,0
isw2-tests/bookkeeper-server,org.apache.bookkeeper.meta,AbstractHierarchicalLedgerManager.AsyncListProcessor.1.new Runnable() {...},21,0,0,0,3,0,2,0,2,0
isw2-tests/bookkeeper-server,org.apache.bookkeeper.meta,LegacyHierarchicalLedgerManager,111,0,2,0,15,0,10,0,9,0
isw2-tests/bookkeeper-server,org.apache.bookkeeper.server.component,ServerLifecycleComponent,79,0,2,0,13,0,5,0,4,0
isw2-tests/bookkeeper-server,org.apache.bookkeeper.tools.cli.commands.health,SwitchOfHealthCheckCommand,109,0,10,0,30,0,11,0,6,0
isw2-tests/bookkeeper-server,org.apache.bookkeeper.tools.cli.commands.health,SwitchOfHealthCheckCommand.HealthCheckFlags,13,0,0,0,2,0,3,0,3,0
isw2-tests/bookkeeper-server,org.apache.bookkeeper.server.conf,BookieConfiguration,11,0,0,0,4,0,2,0,2,0
isw2-tests/bookkeeper-server,org.apache.bookkeeper.bookie,BookieException.UnknownBookieIdException,9,0,0,0,4,0,2,0,2,0
isw2-tests/bookkeeper-server,org.apache.bookkeeper.bookie,LegacyCookieValidation,421,0,44,0,116,0,34,0,12,0
isw2-tests/bookkeeper-server,org.apache.bookkeeper.bookie,TransactionalEntryLogCompactor.UpdateIndexPhase.new EntryLogger.EntryLogScanner() {...},90,0,4,0,11,0,5,0,3,0
isw2-tests/bookkeeper-server,org.apache.bookkeeper.bookie,BookieShell.SimpleTestCmd,98,0,0,0,23,0,5,0,5,0
isw2-tests/bookkeeper-server,org.apache.bookkeeper.bookie,EntryMemTableWithParallelFlusher.new SafeRunnable() {...},81,0,4,0,19,0,4,0,2,0
isw2-tests/bookkeeper-server,org.apache.bookkeeper.bookie,BookieException.MetadataStoreException,20,0,0,0,8,0,4,0,4,0
isw2-tests/bookkeeper-server,org.apache.bookkeeper.bookie,EntryLogger.new EntryLogger.EntryLogScanner() {...},45,0,6,0,6,0,6,0,3,0
isw2-tests/bookkeeper-server,org.apache.bookkeeper.bookie,EntryLogger.new FastThreadLocal() {...},9,0,0,0,2,0,2,0,2,0
isw2-tests/bookkeeper-server,org.apache.bookkeeper.bookie,EntryLogger.new FilenameFilter() {...},10,0,0,0,2,0,2,0,2,0
isw2-tests/bookkeeper-server,org.apache.bookkeeper.bookie,EntryLogger.new ThreadLocal() {...},14,0,0,0,4,0,2,0,2,0
isw2-tests/bookkeeper-server,org.apache.bookkeeper.bookie,EntryLogManagerBase,201,0,16,0,53,0,19,0,11,0
isw2-tests/bookkeeper-server,org.apache.bookkeeper.bookie,Journal.LastLogMark,205,0,10,0,46,0,12,0,7,0
isw2-tests/bookkeeper-server,org.apache.bookkeeper.bookie,LedgerCache.LedgerIndexMetadata,22,0,2,0,8,0,3,0,2,0
isw2-tests/bookkeeper-server,org.apache.bookkeeper.bookie,BookieShell.ForceAuditorChecksCmd,154,0,12,0,35,0,12,0,6,0
isw2-tests/bookkeeper-server,org.apache.bookkeeper.bookie,EntryLogManagerBase.new FastThreadLocal() {...},9,0,0,0,2,0,2,0,2,0
isw2-tests/bookkeeper-server,org.apache.bookkeeper.bookie,SkipListArena.MemorySlice,33,0,0,0,7,0,4,0,4,0
isw2-tests/bookkeeper-server,org.apache.bookkeeper.bookie,BookieShell.RebuildDbLedgerLocationsIndexCmd,35,0,0,0,10,0,5,0,5,0
isw2-tests/bookkeeper-server,org.apache.bookkeeper.bookie,BookieImpl.NopWriteCallback,31,0,2,0,5,0,3,0,2,0
isw2-tests/bookkeeper-server,org.apache.bookkeeper.bookie,BookieShell.InitBookieCmd,44,0,2,0,11,0,6,0,5,0
isw2-tests/bookkeeper-server,org.apache.bookkeeper.bookie,FileSystemUpgrade.new FilenameFilter() {...},79,0,18,0,19,0,12,0,3,0
isw2-tests/bookkeeper-server,org.apache.bookkeeper.bookie,FileSystemUpgrade.new FilenameFilter() {...},19,0,4,0,3,0,4,0,2,0
isw2-tests/bookkeeper-server,org.apache.bookkeeper.bookie,EntryLocation,21,0,0,0,8,0,4,0,4,0
isw2-tests/bookkeeper-server,org.apache.bookkeeper.bookie,BookieThread,31,0,0,0,12,0,5,0,5,0
isw2-tests/bookkeeper-server,org.apache.bookkeeper.bookie,BookieShell.EndpointInfoCmd,67,0,4,0,18,0,7,0,5,0
isw2-tests/bookkeeper-server,org.apache.bookkeeper.bookie,IndexInMemPageMgr.new Gauge() {...},14,0,0,0,3,0,3,0,3,0
isw2-tests/bookkeeper-server,org.apache.bookkeeper.bookie,InterleavedStorageRegenerateIndexOp.RecoveryStats,44,0,4,0,13,0,7,0,5,0
isw2-tests/bookkeeper-server,org.apache.bookkeeper.bookie,EntryMemTable.EntrySkipList,53,0,8,0,10,0,10,0,6,0
isw2-tests/bookkeeper-server,org.apache.bookkeeper.bookie,EntryLogCompactor.CompactionScannerFactory,46,0,4,0,12,0,5,0,3,0
isw2-tests/bookkeeper-server,org.apache.bookkeeper.bookie,IndexPersistenceMgr,1350,0,142,0,311,0,107,0,36,0
isw2-tests/bookkeeper-server,org.apache.bookkeeper.bookie,BookieShell.WhoIsAuditorCmd,41,0,2,0,11,0,6,0,5,0
isw2-tests/bookkeeper-server,org.apache.bookkeeper.bookie,BookieImpl,1966,0,164,0,464,0,132,0,50,0
isw2-tests/bookkeeper-server,org.apache.bookkeeper.bookie,Journal.CbThreadFactory,44,0,0,0,7,0,2,0,2,0
isw2-tests/bookkeeper-server,org.apache.bookkeeper.bookie,BookieShell.BookieSanityTestCmd,57,0,2,0,13,0,6,0,5,0
isw2-tests/bookkeeper-server,org.apache.bookkeeper.bookie,EntryLogCompactor.CompactionScannerFactory.new EntryLogger.EntryLogScanner() {...},60,0,2,0,9,0,4,0,3,0
isw2-tests/bookkeeper-server,org.apache.bookkeeper.bookie,AbstractLogCompactor,16,0,0,0,6,0,2,0,2,0
isw2-tests/bookkeeper-server,org.apache.bookkeeper.bookie,LedgerDirsMonitor,408,0,40,0,106,0,31,0,11,0
isw2-tests/bookkeeper-server,org.apache.bookkeeper.bookie,Journal.QueueEntry,95,0,2,0,27,0,6,0,5,0
isw2-tests/bookkeeper-server,org.apache.bookkeeper.bookie,BookieShell.RegenerateInterleavedStorageIndexFile,127,0,4,0,28,0,8,0,6,0
isw2-tests/bookkeeper-server,org.apache.bookkeeper.bookie,BookieShell.FilesTimeComparator,51,0,2,0,14,0,2,0,1,0
isw2-tests/bookkeeper-server,org.apache.bookkeeper.bookie,BookieStateManager,424,0,46,0,119,0,50,0,27,0
isw2-tests/bookkeeper-server,org.apache.bookkeeper.bookie,IndexPersistenceMgr.new Comparator() {...},13,0,0,0,2,0,2,0,2,0
isw2-tests/bookkeeper-server,org.apache.bookkeeper.bookie,DefaultFileChannel,65,0,6,0,18,0,8,0,5,0
isw2-tests/bookkeeper-server,org.apache.bookkeeper.bookie,BookieShell.BookieInfoCmd,35,0,0,0,10,0,5,0,5,0
isw2-tests/bookkeeper-server,org.apache.bookkeeper.bookie,BookieException.InvalidCookieException,14,0,0,0,6,0,3,0,3,0
isw2-tests/bookkeeper-server,org.apache.bookkeeper.bookie,BookieException.OperationRejectedException,6,0,0,0,3,0,2,0,2,0
isw2-tests/bookkeeper-server,org.apache.bookkeeper.bookie,LocalBookieEnsemblePlacementPolicy,65,0,2,0,21,0,13,0,12,0
isw2-tests/bookkeeper-server,org.apache.bookkeeper.bookie,BookieException.CookieExistException,14,0,0,0,6,0,3,0,3,0
isw2-tests/bookkeeper-server,org.apache.bookkeeper.bookie,BookieStateManager.new Callable() {...},11,0,0,0,3,0,2,0,2,0
isw2-tests/bookkeeper-server,org.apache.bookkeeper.bookie,BookieStateManager.new Callable() {...},11,0,0,0,3,0,2,0,2,0
isw2-tests/bookkeeper-server,org.apache.bookkeeper.bookie,EntryLogCompactor,65,0,0,0,20,0,3,0,3,0
isw2-tests/bookkeeper-server,org.apache.bookkeeper.bookie,BookieStateManager.new Gauge() {...},33,0,6,0,7,0,6,0,3,0
isw2-tests/bookkeeper-server,org.apache.bookkeeper.bookie,BookieStateManager.new Callable() {...},30,0,2,0,9,0,3,0,2,0
isw2-tests/bookkeeper-server,org.apache.bookkeeper.bookie,BookieShell.ReadLogCmd,167,0,6,0,38,0,8,0,5,0
isw2-tests/bookkeeper-server,org.apache.bookkeeper.bookie,Bookie.NoLedgerException,19,0,0,0,4,0,2,0,2,0
isw2-tests/bookkeeper-server,org.apache.bookkeeper.bookie,EntryLogManagerForEntryLogPerLedger.EntryLogAndLockTuple,45,0,2,0,10,0,5,0,4,0
isw2-tests/bookkeeper-server,org.apache.bookkeeper.bookie,BookieShell.AutoRecoveryCmd,71,0,4,0,16,0,7,0,5,0
isw2-tests/bookkeeper-server,org.apache.bookkeeper.bookie,BookieShell.InitNewCluster,39,0,2,0,10,0,6,0,5,0
isw2-tests/bookkeeper-server,org.apache.bookkeeper.bookie,Journal.QueueEntry.new Recycler() {...},9,0,0,0,2,0,2,0,2,0
isw2-tests/bookkeeper-server,org.apache.bookkeeper.bookie,DefaultFileChannelProvider,13,0,0,0,5,0,4,0,4,0
isw2-tests/bookkeeper-server,org.apache.bookkeeper.bookie,BookieException.BookieUnauthorizedAccessException,4,0,0,0,2,0,1,0,1,0
isw2-tests/bookkeeper-server,org.apache.bookkeeper.bookie,BookieShell.TriggerAuditCmd,35,0,0,0,10,0,5,0,5,0
isw2-tests/bookkeeper-server,org.apache.bookkeeper.bookie,BookieShell.QueryAutoRecoveryStatusCmd,44,0,0,0,13,0,5,0,5,0
isw2-tests/bookkeeper-server,org.apache.bookkeeper.bookie,LogMark,112,0,6,0,29,0,14,0,11,0
isw2-tests/bookkeeper-server,org.apache.bookkeeper.bookie,ShortReadException,9,0,0,0,4,0,2,0,2,0
isw2-tests/bookkeeper-server,org.apache.bookkeeper.bookie,FileInfoBackingCache.CachedFileInfo,87,0,6,0,20,0,9,0,6,0
isw2-tests/bookkeeper-server,org.apache.bookkeeper.bookie,GarbageCollectionStatus,77,0,0,0,9,0,16,0,16,0
isw2-tests/bookkeeper-server,org.apache.bookkeeper.bookie,IndexInMemPageMgr.PageEntriesImpl,31,0,0,0,7,0,4,0,4,0
isw2-tests/bookkeeper-server,org.apache.bookkeeper.bookie,EntryLogger,1770,0,120,0,373,0,115,0,55,0
isw2-tests/bookkeeper-server,org.apache.bookkeeper.bookie,EntryLogManagerForSingleEntryLog.new LedgerDirsManager.LedgerDirsListener() {...},42,0,8,0,11,0,7,0,3,0
isw2-tests/bookkeeper-server,org.apache.bookkeeper.bookie,Cookie,726,0,54,0,148,0,55,0,28,0
isw2-tests/bookkeeper-server,org.apache.bookkeeper.bookie,ScanAndCompareGarbageCollector,570,0,64,0,151,0,41,0,9,0
isw2-tests/bookkeeper-server,org.apache.bookkeeper.bookie,LedgerDirsManager.NoWritableLedgerDirException,4,0,0,0,2,0,1,0,1,0
isw2-tests/bookkeeper-server,org.apache.bookkeeper.bookie,ScrubberStats,3,0,0,0,1,0,1,0,1,0
isw2-tests/bookkeeper-server,org.apache.bookkeeper.bookie,BookieShell.RebuildDbLedgersIndexCmd,53,0,2,0,14,0,6,0,5,0
isw2-tests/bookkeeper-server,org.apache.bookkeeper.bookie,BufferedChannelBase,21,0,2,0,7,0,4,0,3,0
isw2-tests/bookkeeper-server,org.apache.bookkeeper.bookie,KeyComparator,33,0,6,0,5,0,5,0,2,0
isw2-tests/bookkeeper-server,org.apache.bookkeeper.bookie,InterleavedLedgerStorage,885,0,42,0,228,0,72,0,51,0
isw2-tests/bookkeeper-server,org.apache.bookkeeper.bookie,CheckpointSourceList,36,0,6,0,11,0,6,0,3,0
isw2-tests/bookkeeper-server,org.apache.bookkeeper.bookie,ReadOnlyBookie,36,0,2,0,9,0,3,0,2,0
isw2-tests/bookkeeper-server,org.apache.bookkeeper.bookie,GarbageCollectionStatus.GarbageCollectionStatusBuilder,98,0,0,0,1,0,10,0,10,0
isw2-tests/bookkeeper-server,org.apache.bookkeeper.bookie,LedgerStorage,11,0,0,0,5,0,5,0,5,0
isw2-tests/bookkeeper-server,org.apache.bookkeeper.bookie,ReadOnlyEntryLogger,11,0,0,0,4,0,3,0,3,0
isw2-tests/bookkeeper-server,org.apache.bookkeeper.bookie,LedgerEntryPage,613,0,58,0,134,0,64,0,35,0
isw2-tests/bookkeeper-server,org.apache.bookkeeper.bookie,BookieShell.ListDiskFilesCmd,80,0,0,0,18,0,5,0,5,0
isw2-tests/bookkeeper-server,org.apache.bookkeeper.bookie,EntryLogger.BufferedLogChannel.new ConcurrentLongLongHashMap.BiConsumerLong() {...},108,0,4,0,24,0,4,0,2,0
isw2-tests/bookkeeper-server,org.apache.bookkeeper.bookie,TransactionalEntryLogCompactor.UpdateIndexPhase,153,0,14,0,36,0,13,0,6,0
isw2-tests/bookkeeper-server,org.apache.bookkeeper.bookie,BookieShell.MyCommand,60,0,0,0,15,0,4,0,4,0
isw2-tests/bookkeeper-server,org.apache.bookkeeper.bookie,SyncThread,276,0,10,0,99,0,21,0,16,0
isw2-tests/bookkeeper-server,org.apache.bookkeeper.bookie,IndexInMemPageMgr.InMemPageCollection,454,0,68,0,119,0,49,0,15,0
isw2-tests/bookkeeper-server,org.apache.bookkeeper.bookie,LedgerStorage.StorageState,14,0,0,0,2,0,1,0,1,0
isw2-tests/bookkeeper-server,org.apache.bookkeeper.bookie,SkipListArena.Chunk,140,0,22,0,30,0,16,0,5,0
isw2-tests/bookkeeper-server,org.apache.bookkeeper.bookie,SortedLedgerStorage.new Runnable() {...},49,0,2,0,11,0,3,0,2,0
isw2-tests/bookkeeper-server,org.apache.bookkeeper.bookie,EntryLogger.Header,12,0,0,0,5,0,1,0,1,0
isw2-tests/bookkeeper-server,org.apache.bookkeeper.bookie,BufferedReadChannel,143,0,12,0,33,0,10,0,4,0
isw2-tests/bookkeeper-server,org.apache.bookkeeper.bookie,EntryLogManagerForEntryLogPerLedger.new RemovalListener() {...},11,0,0,0,3,0,2,0,2,0
isw2-tests/bookkeeper-server,org.apache.bookkeeper.bookie,EntryLogManagerForEntryLogPerLedger.new LedgerDirsManager.LedgerDirsListener() {...},58,0,8,0,13,0,7,0,3,0
isw2-tests/bookkeeper-server,org.apache.bookkeeper.bookie,EntryLogManagerForEntryLogPerLedger.new CacheLoader() {...},15,0,0,0,2,0,2,0,2,0
isw2-tests/bookkeeper-server,org.apache.bookkeeper.bookie,Checkpointer,5,0,0,0,1,0,1,0,1,0
isw2-tests/bookkeeper-server,org.apache.bookkeeper.bookie,BookieShell.RecoverCmd,217,0,10,0,41,0,10,0,5,0
isw2-tests/bookkeeper-server,org.apache.bookkeeper.bookie,LedgerDescriptorImpl,249,0,16,0,57,0,25,0,17,0
isw2-tests/bookkeeper-server,org.apache.bookkeeper.bookie,CheckpointSource.Checkpoint.new CheckpointSource.Checkpoint() {...},19,0,4,0,6,0,6,0,4,0
isw2-tests/bookkeeper-server,org.apache.bookkeeper.bookie,CheckpointSource.Checkpoint.new CheckpointSource.Checkpoint() {...},19,0,4,0,6,0,6,0,4,0
isw2-tests/bookkeeper-server,org.apache.bookkeeper.bookie,FileInfo.FileInfoDeletedException,4,0,0,0,2,0,1,0,1,0
isw2-tests/bookkeeper-server,org.apache.bookkeeper.bookie,LedgerEntryPage.new PrimitiveIterator.OfLong() {...},69,0,8,0,11,0,7,0,3,0
isw2-tests/bookkeeper-server,org.apache.bookkeeper.bookie,BookieException.LedgerFencedException,4,0,0,0,2,0,1,0,1,0
isw2-tests/bookkeeper-server,org.apache.bookkeeper.bookie,BookieStatus,334,0,28,0,88,0,27,0,13,0
isw2-tests/bookkeeper-server,org.apache.bookkeeper.bookie,LedgerDirsManager.LedgerDirsListener,7,0,0,0,7,0,7,0,7,0
isw2-tests/bookkeeper-server,org.apache.bookkeeper.bookie,TransactionalEntryLogCompactor.ScanEntryLogPhase,58,0,2,0,16,0,5,0,4,0
isw2-tests/bookkeeper-server,org.apache.bookkeeper.bookie,Journal.ForceWriteThread,190,0,26,0,64,0,16,0,3,0
isw2-tests/bookkeeper-server,org.apache.bookkeeper.bookie,BookieShell,1447,0,32,0,182,0,37,0,21,0
isw2-tests/bookkeeper-server,org.apache.bookkeeper.bookie,BookieShell.BookieFormatCmd,88,0,4,0,20,0,7,0,5,0
isw2-tests/bookkeeper-server,org.apache.bookkeeper.bookie,BookieShell.LastMarkCmd,31,0,0,0,9,0,5,0,5,0
isw2-tests/bookkeeper-server,org.apache.bookkeeper.bookie,BookieShell.UpdateCookieCmd,201,0,20,0,45,0,15,0,5,0
isw2-tests/bookkeeper-server,org.apache.bookkeeper.bookie,BookieShell.ConvertToDbStorageCmd,42,0,0,0,12,0,5,0,5,0
isw2-tests/bookkeeper-server,org.apache.bookkeeper.bookie,BookieShell.LedgerCmd,73,0,4,0,16,0,7,0,5,0
isw2-tests/bookkeeper-server,org.apache.bookkeeper.bookie,JournalChannel,483,0,38,0,104,0,33,0,14,0
isw2-tests/bookkeeper-server,org.apache.bookkeeper.bookie,InterleavedStorageRegenerateIndexOp.new EntryLogger.EntryLogScanner() {...},104,0,4,0,13,0,6,0,4,0
isw2-tests/bookkeeper-server,org.apache.bookkeeper.bookie,LedgerCacheImpl.new PrimitiveIterator.OfLong() {...},73,0,12,0,15,0,9,0,3,0
isw2-tests/bookkeeper-server,org.apache.bookkeeper.bookie,EntryLogger.EntryLookupException.WrongEntryException,37,0,0,0,8,0,1,0,1,0
isw2-tests/bookkeeper-server,org.apache.bookkeeper.bookie,Journal.new Recycler() {...},14,0,0,0,2,0,2,0,2,0
isw2-tests/bookkeeper-server,org.apache.bookkeeper.bookie,IndexInMemPageMgr.PageEntriesIterableImpl,46,0,0,0,9,0,3,0,3,0
isw2-tests/bookkeeper-server,org.apache.bookkeeper.bookie,CheckpointSourceList.CheckpointList,150,0,18,0,31,0,15,0,6,0
isw2-tests/bookkeeper-server,org.apache.bookkeeper.bookie,EntryLogMetadata.EntryLogMetadataRecyclable,24,0,0,0,9,0,4,0,4,0
isw2-tests/bookkeeper-server,org.apache.bookkeeper.bookie,LedgerDirsManager.new Gauge() {...},17,0,0,0,3,0,3,0,3,0
isw2-tests/bookkeeper-server,org.apache.bookkeeper.bookie,LedgerDirsManager.new Gauge() {...},15,0,0,0,3,0,3,0,3,0
isw2-tests/bookkeeper-server,org.apache.bookkeeper.bookie,BookieException.BookieIllegalOpException,14,0,0,0,6,0,3,0,3,0
isw2-tests/bookkeeper-server,org.apache.bookkeeper.bookie,BookieShell.HelpCmd,60,0,4,0,18,0,7,0,5,0
isw2-tests/bookkeeper-server,org.apache.bookkeeper.bookie,GarbageCollectorThread,1400,0,146,0,299,0,113,0,40,0
isw2-tests/bookkeeper-server,org.apache.bookkeeper.bookie,LastAddConfirmedUpdateNotification.new Recycler() {...},8,0,0,0,2,0,2,0,2,0
isw2-tests/bookkeeper-server,org.apache.bookkeeper.bookie,IndexInMemPageMgr,479,0,50,0,118,0,40,0,15,0
isw2-tests/bookkeeper-server,org.apache.bookkeeper.bookie,BookieShell.ReadLogMetadataCmd,75,0,2,0,22,0,6,0,5,0
isw2-tests/bookkeeper-server,org.apache.bookkeeper.bookie,BookieException.DataUnknownException,20,0,0,0,8,0,4,0,4,0
isw2-tests/bookkeeper-server,org.apache.bookkeeper.bookie,Checkpointer.new Checkpointer() {...},5,0,0,0,3,0,3,0,3,0
isw2-tests/bookkeeper-server,org.apache.bookkeeper.bookie,Journal.JournalRollingFilter,17,0,2,0,4,0,3,0,2,0
isw2-tests/bookkeeper-server,org.apache.bookkeeper.bookie,EntryMemTable,739,0,80,0,176,0,61,0,21,0
isw2-tests/bookkeeper-server,org.apache.bookkeeper.bookie,BookieShell.LocalConsistencyCheck,39,0,2,0,10,0,6,0,5,0
isw2-tests/bookkeeper-server,org.apache.bookkeeper.bookie,CheckpointSource,5,0,0,0,1,0,1,0,1,0
isw2-tests/bookkeeper-server,org.apache.bookkeeper.bookie,BookieResources,115,0,4,0,31,0,10,0,8,0
isw2-tests/bookkeeper-server,org.apache.bookkeeper.bookie,InterleavedLedgerStorage.new LedgerDirsManager.LedgerDirsListener() {...},93,0,10,0,24,0,11,0,6,0
isw2-tests/bookkeeper-server,org.apache.bookkeeper.bookie,LedgerDirsManager.new Gauge() {...},24,0,0,0,3,0,3,0,3,0
isw2-tests/bookkeeper-server,org.apache.bookkeeper.bookie,TransactionalEntryLogCompactor.FlushCompactionLogPhase,95,0,18,0,24,0,13,0,4,0
isw2-tests/bookkeeper-server,org.apache.bookkeeper.bookie,ExitCode,3,0,0,0,1,0,1,0,1,0
isw2-tests/bookkeeper-server,org.apache.bookkeeper.bookie,LastAddConfirmedUpdateNotification,53,0,0,0,17,0,8,0,8,0
isw2-tests/bookkeeper-server,org.apache.bookkeeper.bookie,BookieShell.NukeExistingCluster,83,0,2,0,19,0,6,0,5,0
isw2-tests/bookkeeper-server,org.apache.bookkeeper.bookie,EntryLogger.EntryLookupException.MissingEntryException,27,0,0,0,6,0,1,0,1,0
isw2-tests/bookkeeper-server,org.apache.bookkeeper.bookie,EntryLogManagerForSingleEntryLog,324,0,36,0,88,0,38,0,20,0
isw2-tests/bookkeeper-server,org.apache.bookkeeper.bookie,BookieShell.LostBookieRecoveryDelayCmd,78,0,4,0,19,0,7,0,5,0
isw2-tests/bookkeeper-server,org.apache.bookkeeper.bookie,EntryLogger.EntryLookupException.MissingLogFileException,27,0,0,0,6,0,1,0,1,0
isw2-tests/bookkeeper-server,org.apache.bookkeeper.bookie,BookieException.EntryLogMetadataMapException,5,0,0,0,2,0,1,0,1,0
isw2-tests/bookkeeper-server,org.apache.bookkeeper.bookie,LedgerCacheImpl,202,0,2,0,50,0,27,0,26,0
isw2-tests/bookkeeper-server,org.apache.bookkeeper.bookie,EntryLogger.RecentEntryLogsStatus,95,0,12,0,17,0,12,0,6,0
isw2-tests/bookkeeper-server,org.apache.bookkeeper.bookie,FileInfoBackingCache,184,0,12,0,48,0,13,0,7,0
isw2-tests/bookkeeper-server,org.apache.bookkeeper.bookie,EntryLogManagerForEntryLogPerLedger.EntryLogsPerLedgerCounter.new RemovalListener() {...},32,0,4,0,8,0,4,0,2,0
isw2-tests/bookkeeper-server,org.apache.bookkeeper.bookie,EntryLogManagerForEntryLogPerLedger.EntryLogsPerLedgerCounter.new CacheLoader() {...},20,0,0,0,3,0,2,0,2,0
isw2-tests/bookkeeper-server,org.apache.bookkeeper.bookie,EntryMemTable.EntrySkipList.new EntryMemTable.EntrySkipList() {...},6,0,0,0,2,0,2,0,2,0
isw2-tests/bookkeeper-server,org.apache.bookkeeper.bookie,LedgerDescriptor,45,0,2,0,11,0,5,0,4,0
isw2-tests/bookkeeper-server,org.apache.bookkeeper.bookie,BookieShell.UpdateLedgerCmd,186,0,12,0,42,0,11,0,5,0
isw2-tests/bookkeeper-server,org.apache.bookkeeper.bookie,HandleFactoryImpl,74,0,4,0,20,0,6,0,4,0
isw2-tests/bookkeeper-server,org.apache.bookkeeper.bookie,AbstractLogCompactor.Throttler,31,0,4,0,7,0,4,0,2,0
isw2-tests/bookkeeper-server,org.apache.bookkeeper.bookie,EntryLoggerAllocator,414,0,24,0,101,0,24,0,12,0
isw2-tests/bookkeeper-server,org.apache.bookkeeper.bookie,BookieShell.ListBookiesCmd,109,0,8,0,32,0,9,0,5,0
isw2-tests/bookkeeper-server,org.apache.bookkeeper.bookie,BookieShell.ReadJournalCmd,108,0,6,0,29,0,8,0,5,0
isw2-tests/bookkeeper-server,org.apache.bookkeeper.bookie,FileInfo,1153,0,128,0,268,0,93,0,29,0
isw2-tests/bookkeeper-server,org.apache.bookkeeper.bookie,BookieShell.CheckDbLedgersIndexCmd,53,0,2,0,14,0,6,0,5,0
isw2-tests/bookkeeper-server,org.apache.bookkeeper.bookie,Bookie.NoEntryException,33,0,0,0,8,0,4,0,4,0
isw2-tests/bookkeeper-server,org.apache.bookkeeper.bookie,BookieException.UpgradeException,14,0,0,0,6,0,3,0,3,0
isw2-tests/bookkeeper-server,org.apache.bookkeeper.bookie,CheckpointSource.Checkpoint,9,0,0,0,2,0,1,0,1,0
isw2-tests/bookkeeper-server,org.apache.bookkeeper.bookie,TransactionalEntryLogCompactor.CompactionPhase,25,0,0,0,10,0,2,0,2,0
isw2-tests/bookkeeper-server,org.apache.bookkeeper.bookie,BookieShell.ListUnderreplicatedCmd,92,0,0,0,23,0,5,0,5,0
isw2-tests/bookkeeper-server,org.apache.bookkeeper.bookie,LedgerStorageFactory,22,0,0,0,4,0,2,0,2,0
isw2-tests/bookkeeper-server,org.apache.bookkeeper.bookie,BookieShell.ReadLedgerEntriesCmd,151,0,2,0,31,0,6,0,5,0
isw2-tests/bookkeeper-server,org.apache.bookkeeper.bookie,BookieImpl.new Journal.JournalScanner() {...},239,0,24,0,53,0,14,0,2,0
[...]
isw2-tests/stream-storage-service-impl,org.apache.bookkeeper.stream.storage.impl.sc,DefaultStorageContainerController.ServerAssignmentDataComparator,29,0,2,0,7,0,3,0,2,0
isw2-tests/stream-storage-service-impl,org.apache.bookkeeper.stream.storage.impl.sc,Channel404.new ClientCall() {...},14,0,0,0,7,0,6,0,6,0
isw2-tests/stream-storage-service-impl,org.apache.bookkeeper.stream.storage.impl.service,RangeStoreContainerServiceImpl,21,0,0,0,7,0,4,0,4,0
isw2-tests/stream-storage-service-impl,org.apache.bookkeeper.stream.storage.impl.service,RangeStoreContainerServiceFactoryImpl,18,0,0,0,6,0,3,0,3,0
isw2-tests/stream-storage-service-impl,org.apache.bookkeeper.stream.storage.impl.service,RangeStoreServiceFactoryImpl,44,0,0,0,11,0,3,0,3,0
isw2-tests/stream-storage-service-impl,org.apache.bookkeeper.stream.storage.impl.service,FailRequestRangeStoreService,68,0,0,0,22,0,18,0,18,0
isw2-tests/stream-storage-service-impl,org.apache.bookkeeper.stream.storage.impl.service,RangeStoreServiceImpl,464,0,18,0,114,0,51,0,42,0
isw2-tests/stream-storage-service-impl,org.apache.bookkeeper.stream.storage.impl,AsyncOperationProcessor,64,0,4,0,16,0,7,0,5,0
isw2-tests/stream-storage-service-impl,org.apache.bookkeeper.stream.storage.impl,StorageContainerStoreImpl,222,0,28,0,54,0,23,0,9,0
isw2-tests/stream-storage-service-impl,org.apache.bookkeeper.stream.storage.impl.grpc.handler,ResponseHandler,35,0,6,0,11,0,5,0,2,0
isw2-tests/stream-storage-service-impl,org.apache.bookkeeper.stream.storage,StorageContainerStoreBuilder,144,0,2,0,42,0,13,0,12,0
isw2-tests/stream-storage-service-impl,org.apache.bookkeeper.stream.storage,StorageResourcesSpec,71,0,0,0,6,0,14,0,14,0
isw2-tests/stream-storage-service-impl,org.apache.bookkeeper.stream.storage,StorageResources.new SharedResourceManager.Resource() {...},25,0,0,0,8,0,4,0,4,0
isw2-tests/stream-storage-service-impl,org.apache.bookkeeper.stream.storage,StorageResources.new SharedResourceManager.Resource() {...},30,0,0,0,9,0,4,0,4,0
isw2-tests/stream-storage-service-impl,org.apache.bookkeeper.stream.storage,StorageResourcesSpec.StorageResourcesSpecBuilder,102,0,8,0,1,0,11,0,7,0
isw2-tests/stream-storage-service-impl,org.apache.bookkeeper.stream.storage,StorageResources,63,0,0,0,19,0,9,0,9,0
isw2-tests/stream-storage-service-impl,org.apache.bookkeeper.stream.storage,StorageConstants,78,0,0,0,7,0,7,0,7,0
isw2-tests/stream-storage-service-impl,org.apache.bookkeeper.stream.storage.impl.routing,RangeRoutingTableImpl,113,0,8,0,32,0,13,0,9,0
isw2-tests/stream-storage-service-impl,org.apache.bookkeeper.stream.storage.impl.routing,StorageContainerProxyChannelManagerImpl,33,0,6,0,11,0,5,0,2,0
isw2-tests/stream-storage-service-impl,org.apache.bookkeeper.stream.storage.impl.routing,RoutingHeaderProxyInterceptor,316,0,8,0,88,0,16,0,12,0
isw2-tests/stream-storage-service-impl,org.apache.bookkeeper.stream.storage.impl.routing,RoutingHeaderProxyInterceptor.InterceptorDescriptor,173,0,30,0,4,0,24,0,9,0
isw2-tests/stream-storage-service-impl,org.apache.bookkeeper.stream.storage.impl.routing,RoutingHeaderProxyInterceptor.new ForwardingClientCall.SimpleForwardingClientCall() {...},113,0,10,0,16,0,8,0,3,0
isw2-tests/stream-storage-service-impl,org.apache.bookkeeper.stream.storage.impl.store,MVCCStoreFactoryImpl,625,0,28,0,141,0,35,0,21,0
isw2-tests/stream-storage-service-impl,org.apache.bookkeeper.stream.storage.impl.kv,TableStoreCache,141,0,8,0,36,0,13,0,9,0
isw2-tests/stream-storage-service-impl,org.apache.bookkeeper.stream.storage.impl.kv,TableStoreUtils,435,0,46,0,127,0,49,0,18,0
isw2-tests/stream-storage-service-impl,org.apache.bookkeeper.stream.storage.impl.kv,TableStoreImpl,598,0,34,0,151,0,51,0,33,0
isw2-tests/stream-storage-service-impl,org.apache.bookkeeper.stream.storage.impl.grpc,GrpcRootRangeService,78,0,0,0,15,0,7,0,7,0
isw2-tests/stream-storage-service-impl,org.apache.bookkeeper.stream.storage.impl.grpc,GrpcMetaRangeService,25,0,0,0,7,0,3,0,3,0
isw2-tests/stream-storage-service-impl,org.apache.bookkeeper.stream.storage.impl.grpc,GrpcMetaRangeService.new ResponseHandler() {...},12,0,0,0,4,0,2,0,2,0
isw2-tests/stream-storage-service-impl,org.apache.bookkeeper.stream.storage.impl.grpc,GrpcRootRangeService.new ResponseHandler() {...},12,0,0,0,4,0,2,0,2,0
isw2-tests/stream-storage-service-impl,org.apache.bookkeeper.stream.storage.impl.grpc,GrpcRootRangeService.new ResponseHandler() {...},12,0,0,0,4,0,2,0,2,0
isw2-tests/stream-storage-service-impl,org.apache.bookkeeper.stream.storage.impl.grpc,GrpcRootRangeService.new ResponseHandler() {...},12,0,0,0,4,0,2,0,2,0
isw2-tests/stream-storage-service-impl,org.apache.bookkeeper.stream.storage.impl.grpc,GrpcRootRangeService.new ResponseHandler() {...},12,0,0,0,4,0,2,0,2,0
isw2-tests/stream-storage-service-impl,org.apache.bookkeeper.stream.storage.impl.grpc,GrpcRootRangeService.new ResponseHandler() {...},12,0,0,0,4,0,2,0,2,0
isw2-tests/stream-storage-service-impl,org.apache.bookkeeper.stream.storage.impl.grpc,GrpcRootRangeService.new ResponseHandler() {...},12,0,0,0,4,0,2,0,2,0
isw2-tests/stream-storage-service-impl,org.apache.bookkeeper.stream.storage.impl.grpc,GrpcTableService.new ResponseHandler() {...},22,0,0,0,7,0,2,0,2,0
isw2-tests/stream-storage-service-impl,org.apache.bookkeeper.stream.storage.impl.grpc,GrpcServices,28,0,0,0,4,0,1,0,1,0
isw2-tests/stream-storage-service-impl,org.apache.bookkeeper.stream.storage.impl.grpc,GrpcTableService.new ResponseHandler() {...},22,0,0,0,7,0,2,0,2,0
isw2-tests/stream-storage-service-impl,org.apache.bookkeeper.stream.storage.impl.grpc,GrpcTableService.new ResponseHandler() {...},22,0,0,0,7,0,2,0,2,0
isw2-tests/stream-storage-service-impl,org.apache.bookkeeper.stream.storage.impl.grpc,GrpcTableService.new ResponseHandler() {...},22,0,0,0,7,0,2,0,2,0
isw2-tests/stream-storage-service-impl,org.apache.bookkeeper.stream.storage.impl.grpc,GrpcTableService.new ResponseHandler() {...},22,0,0,0,7,0,2,0,2,0
isw2-tests/stream-storage-service-impl,org.apache.bookkeeper.stream.storage.impl.grpc,GrpcTableService,78,0,0,0,15,0,7,0,7,0
isw2-tests/stream-storage-service-impl,org.apache.bookkeeper.stream.storage.impl.cluster,InMemClusterMetadataStore.WatcherAndExecutor,124,0,22,0,3,0,18,0,7,0
isw2-tests/stream-storage-service-impl,org.apache.bookkeeper.stream.storage.impl.cluster,ZkClusterControllerLeaderSelector,96,0,10,0,29,0,12,0,6,0
isw2-tests/stream-storage-service-impl,org.apache.bookkeeper.stream.storage.impl.cluster,InMemClusterMetadataStore,86,0,2,0,25,0,13,0,12,0
isw2-tests/stream-storage-service-impl,org.apache.bookkeeper.stream.storage.impl.cluster,ClusterControllerLeaderImpl,253,0,16,0,78,0,20,0,12,0
isw2-tests/stream-storage-service-impl,org.apache.bookkeeper.stream.storage.impl.cluster,ZkClusterInitializer,96,0,6,0,24,0,7,0,4,0
isw2-tests/stream-storage-service-impl,org.apache.bookkeeper.stream.storage.impl.cluster,ClusterControllerImpl,28,0,0,0,10,0,3,0,3,0
isw2-tests/stream-storage-service-impl,org.apache.bookkeeper.stream.storage.impl.cluster,ZkClusterMetadataStore,442,0,18,0,93,0,21,0,12,0
isw2-tests/stream-storage-service-impl,org.apache.bookkeeper.stream.storage.impl.cluster,ZkClusterControllerLeaderSelectorListener,19,0,0,0,8,0,4,0,4,0
isw2-tests/stream-storage-service-impl,org.apache.bookkeeper.stream.storage.impl.metadata.stream,MetaRangeImpl,884,0,40,0,216,0,67,0,47,0
isw2-tests/stream-storage-server,org.apache.bookkeeper.stream.server.exceptions,StorageServerRuntimeException,13,0,0,0,6,0,3,0,3,0
isw2-tests/stream-storage-server,org.apache.bookkeeper.stream.server.conf,BookieConfiguration,10,0,0,0,3,0,2,0,2,0
isw2-tests/stream-storage-server,org.apache.bookkeeper.stream.server.conf,DLConfiguration,10,0,0,0,3,0,2,0,2,0
isw2-tests/stream-storage-server,org.apache.bookkeeper.stream.server.conf,StorageServerConfiguration,20,0,0,0,5,0,4,0,4,0
isw2-tests/stream-storage-server,org.apache.bookkeeper.stream.server,StorageServer.ServerArguments,12,0,0,0,4,0,1,0,1,0
isw2-tests/stream-storage-server,org.apache.bookkeeper.stream.server,StorageServer,638,0,12,0,176,0,25,0,19,0
isw2-tests/stream-storage-server,org.apache.bookkeeper.stream.server,ExitCode,59,0,0,0,9,0,3,0,3,0
isw2-tests/stream-storage-server,org.apache.bookkeeper.stream.server,StreamStorageLifecycleComponent,35,0,0,0,14,0,4,0,4,0
isw2-tests/stream-storage-server,org.apache.bookkeeper.stream.cluster,StandaloneStarter,197,0,10,0,58,0,10,0,5,0
isw2-tests/stream-storage-server,org.apache.bookkeeper.stream.cluster,StandaloneStarter.StarterArgs,30,0,0,0,10,0,1,0,1,0
isw2-tests/stream-storage-server,org.apache.bookkeeper.stream.cluster,StreamCluster,564,0,22,0,145,0,29,0,18,0
isw2-tests/stream-storage-server,org.apache.bookkeeper.stream.cluster,StreamClusterSpec,112,0,0,0,10,0,25,0,25,0
isw2-tests/stream-storage-server,org.apache.bookkeeper.stream.cluster,StreamClusterSpec.StreamClusterSpecBuilder,180,0,14,0,1,0,18,0,11,0
isw2-tests/stream-storage-server,org.apache.bookkeeper.stream.server.service,RegistrationServiceProvider,149,0,6,0,45,0,11,0,8,0
isw2-tests/stream-storage-server,org.apache.bookkeeper.stream.server.service,BookieService,303,0,16,0,72,0,16,0,8,0
isw2-tests/stream-storage-server,org.apache.bookkeeper.stream.server.service,DLNamespaceProviderService,188,0,6,0,54,0,12,0,9,0
isw2-tests/stream-storage-server,org.apache.bookkeeper.stream.server.service,StorageService,37,0,2,0,13,0,7,0,6,0
isw2-tests/stream-storage-server,org.apache.bookkeeper.stream.server.service,BookieWatchService,132,0,4,0,28,0,9,0,7,0
isw2-tests/stream-storage-server,org.apache.bookkeeper.stream.server.service,StatsProviderService,35,0,0,0,12,0,5,0,5,0
isw2-tests/stream-storage-server,org.apache.bookkeeper.stream.server.service,ClusterControllerService,39,0,4,0,13,0,7,0,5,0
isw2-tests/stream-storage-server,org.apache.bookkeeper.stream.server.service,CuratorProviderService,48,0,0,0,16,0,6,0,6,0
isw2-tests/stream-storage-server,org.apache.bookkeeper.stream.server.service,GrpcService,34,0,4,0,12,0,6,0,4,0
isw2-tests/stream-storage-server,org.apache.bookkeeper.stream.server.service,RegistrationStateService,137,0,10,0,40,0,12,0,7,0
isw2-tests/stream-storage-server,org.apache.bookkeeper.stream.server.grpc,GrpcStorageContainerService,62,0,4,0,24,0,5,0,3,0
isw2-tests/stream-storage-server,org.apache.bookkeeper.stream.server.grpc,GrpcServerSpec,73,0,0,0,8,0,14,0,14,0
isw2-tests/stream-storage-server,org.apache.bookkeeper.stream.server.grpc,GrpcServer,146,0,6,0,44,0,11,0,8,0
isw2-tests/stream-storage-server,org.apache.bookkeeper.stream.server.grpc,GrpcServerSpec.GrpcServerSpecBuilder,86,0,0,0,1,0,9,0,9,0
isw2-tests/bk-grpc-name-resolver,org.apache.bookkeeper.grpc.resolver,BKRegistrationNameResolver,182,0,10,0,47,0,14,0,9,0
isw2-tests/bk-grpc-name-resolver,org.apache.bookkeeper.grpc.resolver,BKRegistrationNameResolverProvider,56,0,0,0,17,0,7,0,7,0
isw2-tests/bookkeeper-tools-framework,org.apache.bookkeeper.tools.framework,CliCommand,66,0,2,0,18,0,9,0,8,0
isw2-tests/bookkeeper-tools-framework,org.apache.bookkeeper.tools.framework,CliFlags,11,0,0,0,3,0,1,0,1,0
isw2-tests/bookkeeper-tools-framework,org.apache.bookkeeper.tools.framework,CliSpec.Builder,222,0,0,0,53,0,15,0,15,0
isw2-tests/bookkeeper-tools-framework,org.apache.bookkeeper.tools.framework,HelpCommand,88,0,4,0,19,0,7,0,5,0
isw2-tests/bookkeeper-tools-framework,org.apache.bookkeeper.tools.framework,Command,7,0,0,0,3,0,3,0,3,0
isw2-tests/bookkeeper-tools-framework,org.apache.bookkeeper.tools.framework,CliCommandGroup,102,0,8,0,28,0,8,0,4,0
isw2-tests/bookkeeper-tools-framework,org.apache.bookkeeper.tools.framework,CommandUtils,440,0,46,0,124,0,36,0,13,0
isw2-tests/bookkeeper-tools-framework,org.apache.bookkeeper.tools.framework,Cli,456,0,44,0,103,0,42,0,20,0
isw2-tests/bookkeeper-tools-framework,org.apache.bookkeeper.tools.framework,CliSpec,542,0,98,0,30,0,68,0,19,0
isw2-tests/bookkeeper-tools-framework,org.apache.bookkeeper.tools.common,BKCommandCategories,3,0,0,0,1,0,1,0,1,0
isw2-tests/bookkeeper-tools-framework,org.apache.bookkeeper.tools.common,BKCommand,139,0,8,0,33,0,12,0,8,0
isw2-tests/bookkeeper-tools-framework,org.apache.bookkeeper.tools.common,BKFlags,12,0,0,0,4,0,1,0,1,0
isw2-tests/bookkeeper-tools-ledger,org.apache.bookkeeper.tools.cli.commands.bookieid,SearchReplaceBookieIdCommand.Flags,45,0,0,0,6,0,7,0,7,0
isw2-tests/bookkeeper-tools-ledger,org.apache.bookkeeper.tools.cli.commands.bookieid,SearchReplaceBookieIdCommand,219,0,12,0,46,0,13,0,7,0
isw2-tests/bookkeeper-tools-ledger,org.apache.bookkeeper.tools.cli,BKCtl,52,0,2,0,19,0,4,0,3,0
isw2-tests/bookkeeper-tools-ledger,org.apache.bookkeeper.tools.cli.commands,CookieCommandGroup,38,0,0,0,13,0,2,0,2,0
isw2-tests/bookkeeper-tools-ledger,org.apache.bookkeeper.tools.cli.commands,AutoRecoveryCommandGroup,38,0,0,0,13,0,2,0,2,0
isw2-tests/bookkeeper-tools-ledger,org.apache.bookkeeper.tools.cli.commands,BookieCommandGroup,96,0,0,0,28,0,2,0,2,0
isw2-tests/bookkeeper-tools-ledger,org.apache.bookkeeper.tools.cli.commands,BookiesCommandGroup,48,0,0,0,16,0,2,0,2,0
isw2-tests/bookkeeper-tools-ledger,org.apache.bookkeeper.tools.cli.commands,LedgerCommandGroup,28,0,0,0,11,0,2,0,2,0
isw2-tests/bookkeeper-tools-ledger,org.apache.bookkeeper.tools.cli.commands,BookieIdCommandGroup,20,0,0,0,9,0,2,0,2,0
isw2-tests/bookkeeper-tools-ledger,org.apache.bookkeeper.tools.cli.commands,HealthCheckCommandGroup,18,0,0,0,8,0,2,0,2,0
isw2-tests/bookkeeper-perf,org.apache.bookkeeper.tools.perf.table,PerfClient.OpStats,265,0,0,0,38,0,4,0,4,0
isw2-tests/bookkeeper-perf,org.apache.bookkeeper.tools.perf.table,BenchmarkTask,53,0,0,0,15,0,4,0,4,0
isw2-tests/bookkeeper-perf,org.apache.bookkeeper.tools.perf.table,BenchmarkCommand,35,0,2,0,13,0,4,0,3,0
isw2-tests/bookkeeper-perf,org.apache.bookkeeper.tools.perf.table,IncrementSequentialTask,17,0,0,0,4,0,2,0,2,0
isw2-tests/bookkeeper-perf,org.apache.bookkeeper.tools.perf.table,IncrementTask,130,0,10,0,33,0,12,0,7,0
isw2-tests/bookkeeper-perf,org.apache.bookkeeper.tools.perf.table,PerfClient,376,0,19,0,82,0,21,0,10,0
isw2-tests/bookkeeper-perf,org.apache.bookkeeper.tools.perf.table,IncrementRandomTask,17,0,0,0,4,0,2,0,2,0
isw2-tests/bookkeeper-perf,org.apache.bookkeeper.tools.perf.table,WriteSequentialTask,17,0,0,0,4,0,2,0,2,0
isw2-tests/bookkeeper-perf,org.apache.bookkeeper.tools.perf.table,PerfClient.Flags,33,0,0,0,11,0,1,0,1,0
isw2-tests/bookkeeper-perf,org.apache.bookkeeper.tools.perf.table,PerfClient.OP,44,0,0,0,5,0,1,0,1,0
isw2-tests/bookkeeper-perf,org.apache.bookkeeper.tools.perf.table,WriteTask,148,0,10,0,37,0,12,0,7,0
isw2-tests/bookkeeper-perf,org.apache.bookkeeper.tools.perf.table,KeyGenerator,99,0,8,0,20,0,6,0,2,0
isw2-tests/bookkeeper-perf,org.apache.bookkeeper.tools.perf.table,WriteRandomTask,17,0,0,0,4,0,2,0,2,0
isw2-tests/bookkeeper-perf,org.apache.bookkeeper.tools.perf,DlogPerfCommandGroup,26,0,0,0,10,0,2,0,2,0
isw2-tests/bookkeeper-perf,org.apache.bookkeeper.tools.perf,BKPerf,44,0,0,0,15,0,3,0,3,0
isw2-tests/bookkeeper-perf,org.apache.bookkeeper.tools.perf,TablePerfCommandGroup,18,0,0,0,8,0,2,0,2,0
isw2-tests/bookkeeper-perf,org.apache.bookkeeper.tools.perf,JournalPerfCommandGroup,18,0,0,0,8,0,2,0,2,0
isw2-tests/bookkeeper-perf,org.apache.bookkeeper.tools.perf.dlog,PerfSegmentReader,406,0,22,0,88,0,27,0,16,0
isw2-tests/bookkeeper-perf,org.apache.bookkeeper.tools.perf.dlog,PerfReaderBase,357,0,2,0,72,0,8,0,7,0
isw2-tests/bookkeeper-perf,org.apache.bookkeeper.tools.perf.dlog,ReadCommand,35,0,2,0,13,0,4,0,3,0
isw2-tests/bookkeeper-perf,org.apache.bookkeeper.tools.perf.dlog,PerfReader,225,0,12,0,48,0,17,0,11,0
isw2-tests/bookkeeper-perf,org.apache.bookkeeper.tools.perf.dlog,PerfReaderBase.Flags,21,0,0,0,7,0,1,0,1,0
isw2-tests/bookkeeper-perf,org.apache.bookkeeper.tools.perf.dlog,SegmentReadCommand,35,0,2,0,13,0,4,0,3,0
isw2-tests/bookkeeper-perf,org.apache.bookkeeper.tools.perf.dlog,WriteCommand,35,0,2,0,13,0,4,0,3,0
isw2-tests/bookkeeper-perf,org.apache.bookkeeper.tools.perf.dlog,PerfWriter,813,0,32,0,172,0,36,0,20,0
isw2-tests/bookkeeper-perf,org.apache.bookkeeper.tools.perf.dlog,PerfWriter.Flags,39,0,0,0,13,0,1,0,1,0
isw2-tests/bookkeeper-perf,org.apache.bookkeeper.tools.perf.dlog,PerfSegmentReader.Split,190,0,26,0,5,0,22,0,9,0
isw2-tests/bookkeeper-perf,org.apache.bookkeeper.tools.perf.journal,JournalWriter.Flags,42,0,0,0,14,0,1,0,1,0
isw2-tests/bookkeeper-perf,org.apache.bookkeeper.tools.perf.journal,JournalWriter,949,0,42,0,202,0,37,0,16,0
isw2-tests/bookkeeper-perf,org.apache.bookkeeper.tools.perf.journal,AppendCommand,27,0,0,0,10,0,3,0,3,0
isw2-tests/bookkeeper-perf,org.apache.bookkeeper.tools.perf.utils,PaddingDecimalFormat,107,0,10,0,25,0,12,0,7,0
isw2-tests/stream-storage-cli,org.apache.bookkeeper.stream.cli.commands,ClientCommand,54,0,0,0,18,0,3,0,3,0
isw2-tests/stream-storage-cli,org.apache.bookkeeper.stream.cli.commands,AbstractStreamCommand,28,0,2,0,8,0,5,0,4,0
isw2-tests/stream-storage-cli,org.apache.bookkeeper.stream.cli.commands,AdminCommand,50,0,0,0,17,0,3,0,3,0
isw2-tests/stream-storage-cli,org.apache.bookkeeper.stream.cli,TableAdminCommandGroup,28,0,0,0,11,0,2,0,2,0
isw2-tests/stream-storage-cli,org.apache.bookkeeper.stream.cli,NamespaceCommandGroup,28,0,0,0,11,0,2,0,2,0
isw2-tests/stream-storage-cli,org.apache.bookkeeper.stream.cli,TableCommandGroup,32,0,0,0,12,0,2,0,2,0
isw2-tests/stream-storage-cli,org.apache.bookkeeper.stream.cli,ClusterCommandGroup,20,0,0,0,9,0,2,0,2,0
isw2-tests/stream-storage-cli,org.apache.bookkeeper.stream.cli.commands.table,GetCommand,129,0,12,0,26,0,8,0,2,0
isw2-tests/stream-storage-cli,org.apache.bookkeeper.stream.cli.commands.table,DeleteTableCommand,90,0,2,0,18,0,3,0,2,0
isw2-tests/stream-storage-cli,org.apache.bookkeeper.stream.cli.commands.table,DeleteTableCommand.Flags,3,0,0,0,1,0,1,0,1,0
isw2-tests/stream-storage-cli,org.apache.bookkeeper.stream.cli.commands.table,CreateTableCommand,124,0,4,0,28,0,4,0,2,0
isw2-tests/stream-storage-cli,org.apache.bookkeeper.stream.cli.commands.table,GetTableCommand.Flags,3,0,0,0,1,0,1,0,1,0
isw2-tests/stream-storage-cli,org.apache.bookkeeper.stream.cli.commands.table,GetTableCommand,115,0,4,0,22,0,4,0,2,0
isw2-tests/stream-storage-cli,org.apache.bookkeeper.stream.cli.commands.table,IncrementCommand,80,0,2,0,16,0,3,0,2,0
isw2-tests/stream-storage-cli,org.apache.bookkeeper.stream.cli.commands.table,CreateTableCommand.Flags,6,0,0,0,2,0,1,0,1,0
isw2-tests/stream-storage-cli,org.apache.bookkeeper.stream.cli.commands.table,IncrementCommand.Flags,3,0,0,0,1,0,1,0,1,0
isw2-tests/stream-storage-cli,org.apache.bookkeeper.stream.cli.commands.table,DelCommand.Flags,3,0,0,0,1,0,1,0,1,0
isw2-tests/stream-storage-cli,org.apache.bookkeeper.stream.cli.commands.table,PutCommand.Flags,3,0,0,0,1,0,1,0,1,0
isw2-tests/stream-storage-cli,org.apache.bookkeeper.stream.cli.commands.table,DelCommand,90,0,4,0,18,0,4,0,2,0
isw2-tests/stream-storage-cli,org.apache.bookkeeper.stream.cli.commands.table,PutCommand,82,0,2,0,17,0,3,0,2,0
isw2-tests/stream-storage-cli,org.apache.bookkeeper.stream.cli.commands.table,GetCommand.Flags,6,0,0,0,2,0,1,0,1,0
isw2-tests/stream-storage-cli,org.apache.bookkeeper.stream.cli.commands.namespace,DeleteNamespaceCommand,66,0,2,0,16,0,3,0,2,0
isw2-tests/stream-storage-cli,org.apache.bookkeeper.stream.cli.commands.namespace,CreateNamespaceCommand,76,0,2,0,20,0,3,0,2,0
isw2-tests/stream-storage-cli,org.apache.bookkeeper.stream.cli.commands.namespace,GetNamespaceCommand,72,0,2,0,17,0,3,0,2,0
isw2-tests/stream-storage-cli,org.apache.bookkeeper.stream.cli.commands.namespace,CreateNamespaceCommand.Flags,3,0,0,0,1,0,1,0,1,0
isw2-tests/stream-storage-cli,org.apache.bookkeeper.stream.cli.commands.namespace,DeleteNamespaceCommand.Flags,3,0,0,0,1,0,1,0,1,0
isw2-tests/stream-storage-cli,org.apache.bookkeeper.stream.cli.commands.namespace,GetNamespaceCommand.Flags,3,0,0,0,1,0,1,0,1,0
isw2-tests/stream-storage-cli,org.apache.bookkeeper.stream.cli.commands.cluster,InitClusterCommand.Flags,15,0,0,0,5,0,1,0,1,0
isw2-tests/stream-storage-cli,org.apache.bookkeeper.stream.cli.commands.cluster,InitClusterCommand,386,0,32,0,84,0,26,0,10,0
